This file contains any messages produced by compilers while
running configure, to aid debugging if configure makes a mistake.

It was created by configure, which was
generated by GNU Autoconf 2.68.  Invocation command line was

  $ configure 

## --------- ##
## Platform. ##
## --------- ##

hostname = Lydia
uname -m = x86_64
uname -r = 3.16.0-4-amd64
uname -s = Linux
uname -v = #1 SMP Debian 3.16.39-1 (2016-12-30)

/usr/bin/uname -p = unknown
/bin/uname -X     = unknown

/bin/arch              = unknown
/usr/bin/arch -k       = unknown
/usr/convex/getsysinfo = unknown
/usr/bin/hostinfo      = unknown
/bin/machine           = unknown
/usr/bin/oslevel       = unknown
/bin/universe          = unknown

PATH: /home/chrono/bin
PATH: /usr/lib/jvm/java-7-openjdk-amd64/bin
PATH: /home/chrono/root/out/host/linux-x86/bin
PATH: /home/chrono/root/prebuilts/gcc/linux-x86/arm/arm-linux-androideabi-4.9/bin
PATH: /home/chrono/root/prebuilts/gcc/linux-x86/
PATH: /home/chrono/root/development/scripts
PATH: /home/chrono/root/prebuilts/devtools/tools
PATH: /home/chrono/root/external/selinux/prebuilts/bin
PATH: /home/chrono/bin
PATH: /home/chrono/bin
PATH: /usr/local/bin
PATH: /usr/bin
PATH: /bin
PATH: /usr/local/games
PATH: /usr/games


## ----------- ##
## Core tests. ##
## ----------- ##

configure:2406: checking for gcc
configure:2422: found /usr/bin/gcc
configure:2433: result: gcc
configure:2662: checking for C compiler version
configure:2671: gcc --version >&5
gcc (Debian 4.9.2-10) 4.9.2
Copyright (C) 2014 Free Software Foundation, Inc.
This is free software; see the source for copying conditions.  There is NO
warranty; not even for MERCHANTABILITY or FITNESS FOR A PARTICULAR PURPOSE.

configure:2682: $? = 0
configure:2671: gcc -v >&5
Using built-in specs.
COLLECT_GCC=gcc
COLLECT_LTO_WRAPPER=/usr/lib/gcc/x86_64-linux-gnu/4.9/lto-wrapper
Target: x86_64-linux-gnu
Configured with: ../src/configure -v --with-pkgversion='Debian 4.9.2-10' --with-bugurl=file:///usr/share/doc/gcc-4.9/README.Bugs --enable-languages=c,c++,java,go,d,fortran,objc,obj-c++ --prefix=/usr --program-suffix=-4.9 --enable-shared --enable-linker-build-id --libexecdir=/usr/lib --without-included-gettext --enable-threads=posix --with-gxx-include-dir=/usr/include/c++/4.9 --libdir=/usr/lib --enable-nls --with-sysroot=/ --enable-clocale=gnu --enable-libstdcxx-debug --enable-libstdcxx-time=yes --enable-gnu-unique-object --disable-vtable-verify --enable-plugin --with-system-zlib --disable-browser-plugin --enable-java-awt=gtk --enable-gtk-cairo --with-java-home=/usr/lib/jvm/java-1.5.0-gcj-4.9-amd64/jre --enable-java-home --with-jvm-root-dir=/usr/lib/jvm/java-1.5.0-gcj-4.9-amd64 --with-jvm-jar-dir=/usr/lib/jvm-exports/java-1.5.0-gcj-4.9-amd64 --with-arch-directory=amd64 --with-ecj-jar=/usr/share/java/eclipse-ecj.jar --enable-objc-gc --enable-multiarch --with-arch-32=i586 --with-abi=m64 --with-multilib-list=m32,m64,mx32 --enable-multilib --with-tune=generic --enable-checking=release --build=x86_64-linux-gnu --host=x86_64-linux-gnu --target=x86_64-linux-gnu
Thread model: posix
gcc version 4.9.2 (Debian 4.9.2-10) 
configure:2682: $? = 0
configure:2671: gcc -V >&5
gcc: error: unrecognized command line option '-V'
gcc: fatal error: no input files
compilation terminated.
configure:2682: $? = 4
configure:2671: gcc -qversion >&5
gcc: error: unrecognized command line option '-qversion'
gcc: fatal error: no input files
compilation terminated.
configure:2682: $? = 4
configure:2702: checking whether the C compiler works
configure:2724: gcc    conftest.c  >&5
configure:2728: $? = 0
configure:2776: result: yes
configure:2779: checking for C compiler default output file name
configure:2781: result: a.out
configure:2787: checking for suffix of executables
configure:2794: gcc -o conftest    conftest.c  >&5
configure:2798: $? = 0
configure:2820: result: 
configure:2842: checking whether we are cross compiling
configure:2850: gcc -o conftest    conftest.c  >&5
configure:2854: $? = 0
configure:2861: ./conftest
configure:2865: $? = 0
configure:2880: result: no
configure:2885: checking for suffix of object files
configure:2907: gcc -c   conftest.c >&5
configure:2911: $? = 0
configure:2932: result: o
configure:2936: checking whether we are using the GNU C compiler
configure:2955: gcc -c   conftest.c >&5
configure:2955: $? = 0
configure:2964: result: yes
configure:2973: checking whether gcc accepts -g
configure:2993: gcc -c -g  conftest.c >&5
configure:2993: $? = 0
configure:3034: result: yes
configure:3051: checking for gcc option to accept ISO C89
configure:3115: gcc  -c -g -O2  conftest.c >&5
configure:3115: $? = 0
configure:3128: result: none needed
configure:3154: checking how to run the C preprocessor
configure:3185: gcc -E  conftest.c
configure:3185: $? = 0
configure:3199: gcc -E  conftest.c
conftest.c:9:28: fatal error: ac_nonexistent.h: No such file or directory
 #include <ac_nonexistent.h>
                            ^
compilation terminated.
configure:3199: $? = 1
configure: failed program was:
| /* confdefs.h */
| #define PACKAGE_NAME ""
| #define PACKAGE_TARNAME ""
| #define PACKAGE_VERSION ""
| #define PACKAGE_STRING ""
| #define PACKAGE_BUGREPORT ""
| #define PACKAGE_URL ""
| /* end confdefs.h.  */
| #include <ac_nonexistent.h>
configure:3224: result: gcc -E
configure:3244: gcc -E  conftest.c
configure:3244: $? = 0
configure:3258: gcc -E  conftest.c
conftest.c:9:28: fatal error: ac_nonexistent.h: No such file or directory
 #include <ac_nonexistent.h>
                            ^
compilation terminated.
configure:3258: $? = 1
configure: failed program was:
| /* confdefs.h */
| #define PACKAGE_NAME ""
| #define PACKAGE_TARNAME ""
| #define PACKAGE_VERSION ""
| #define PACKAGE_STRING ""
| #define PACKAGE_BUGREPORT ""
| #define PACKAGE_URL ""
| /* end confdefs.h.  */
| #include <ac_nonexistent.h>
configure:3287: checking for grep that handles long lines and -e
configure:3345: result: /bin/grep
configure:3350: checking for egrep
configure:3412: result: /bin/grep -E
configure:3418: checking whether gcc needs -traditional
configure:3452: result: no
configure:3502: checking for a BSD-compatible install
configure:3570: result: /usr/bin/install -c
configure:3581: checking whether ln -s works
configure:3585: result: yes
configure:3595: checking for install-info
configure:3613: found /usr/bin/install-info
configure:3626: result: /usr/bin/install-info
configure:3635: checking for ANSI C header files
configure:3655: gcc -c -g -O2  conftest.c >&5
configure:3655: $? = 0
configure:3728: gcc -o conftest -g -O2   conftest.c  >&5
configure:3728: $? = 0
configure:3728: ./conftest
configure:3728: $? = 0
configure:3739: result: yes
configure:3752: checking for sys/types.h
configure:3752: gcc -c -g -O2  conftest.c >&5
configure:3752: $? = 0
configure:3752: result: yes
configure:3752: checking for sys/stat.h
configure:3752: gcc -c -g -O2  conftest.c >&5
configure:3752: $? = 0
configure:3752: result: yes
configure:3752: checking for stdlib.h
configure:3752: gcc -c -g -O2  conftest.c >&5
configure:3752: $? = 0
configure:3752: result: yes
configure:3752: checking for string.h
configure:3752: gcc -c -g -O2  conftest.c >&5
configure:3752: $? = 0
configure:3752: result: yes
configure:3752: checking for memory.h
configure:3752: gcc -c -g -O2  conftest.c >&5
configure:3752: $? = 0
configure:3752: result: yes
configure:3752: checking for strings.h
configure:3752: gcc -c -g -O2  conftest.c >&5
configure:3752: $? = 0
configure:3752: result: yes
configure:3752: checking for inttypes.h
configure:3752: gcc -c -g -O2  conftest.c >&5
configure:3752: $? = 0
configure:3752: result: yes
configure:3752: checking for stdint.h
configure:3752: gcc -c -g -O2  conftest.c >&5
configure:3752: $? = 0
configure:3752: result: yes
configure:3752: checking for unistd.h
configure:3752: gcc -c -g -O2  conftest.c >&5
configure:3752: $? = 0
configure:3752: result: yes
configure:3765: checking minix/config.h usability
configure:3765: gcc -c -g -O2  conftest.c >&5
conftest.c:52:26: fatal error: minix/config.h: No such file or directory
 #include <minix/config.h>
                          ^
compilation terminated.
configure:3765: $? = 1
configure: failed program was:
| /* confdefs.h */
| #define PACKAGE_NAME ""
| #define PACKAGE_TARNAME ""
| #define PACKAGE_VERSION ""
| #define PACKAGE_STRING ""
| #define PACKAGE_BUGREPORT ""
| #define PACKAGE_URL ""
| #define STDC_HEADERS 1
| #define HAVE_SYS_TYPES_H 1
| #define HAVE_SYS_STAT_H 1
| #define HAVE_STDLIB_H 1
| #define HAVE_STRING_H 1
| #define HAVE_MEMORY_H 1
| #define HAVE_STRINGS_H 1
| #define HAVE_INTTYPES_H 1
| #define HAVE_STDINT_H 1
| #define HAVE_UNISTD_H 1
| /* end confdefs.h.  */
| #include <stdio.h>
| #ifdef HAVE_SYS_TYPES_H
| # include <sys/types.h>
| #endif
| #ifdef HAVE_SYS_STAT_H
| # include <sys/stat.h>
| #endif
| #ifdef STDC_HEADERS
| # include <stdlib.h>
| # include <stddef.h>
| #else
| # ifdef HAVE_STDLIB_H
| #  include <stdlib.h>
| # endif
| #endif
| #ifdef HAVE_STRING_H
| # if !defined STDC_HEADERS && defined HAVE_MEMORY_H
| #  include <memory.h>
| # endif
| # include <string.h>
| #endif
| #ifdef HAVE_STRINGS_H
| # include <strings.h>
| #endif
| #ifdef HAVE_INTTYPES_H
| # include <inttypes.h>
| #endif
| #ifdef HAVE_STDINT_H
| # include <stdint.h>
| #endif
| #ifdef HAVE_UNISTD_H
| # include <unistd.h>
| #endif
| #include <minix/config.h>
configure:3765: result: no
configure:3765: checking minix/config.h presence
configure:3765: gcc -E  conftest.c
conftest.c:19:26: fatal error: minix/config.h: No such file or directory
 #include <minix/config.h>
                          ^
compilation terminated.
configure:3765: $? = 1
configure: failed program was:
| /* confdefs.h */
| #define PACKAGE_NAME ""
| #define PACKAGE_TARNAME ""
| #define PACKAGE_VERSION ""
| #define PACKAGE_STRING ""
| #define PACKAGE_BUGREPORT ""
| #define PACKAGE_URL ""
| #define STDC_HEADERS 1
| #define HAVE_SYS_TYPES_H 1
| #define HAVE_SYS_STAT_H 1
| #define HAVE_STDLIB_H 1
| #define HAVE_STRING_H 1
| #define HAVE_MEMORY_H 1
| #define HAVE_STRINGS_H 1
| #define HAVE_INTTYPES_H 1
| #define HAVE_STDINT_H 1
| #define HAVE_UNISTD_H 1
| /* end confdefs.h.  */
| #include <minix/config.h>
configure:3765: result: no
configure:3765: checking for minix/config.h
configure:3765: result: no
configure:3786: checking whether it is safe to define __EXTENSIONS__
configure:3804: gcc -c -g -O2  conftest.c >&5
configure:3804: $? = 0
configure:3811: result: yes
configure:3829: checking build system type
configure:3843: result: x86_64-unknown-linux-gnu
configure:3863: checking host system type
configure:3876: result: x86_64-unknown-linux-gnu
configure:3896: checking target system type
configure:3909: result: x86_64-unknown-linux-gnu
configure:3937: checking for an ANSI C-conforming const
configure:4002: gcc -c -g -O2  conftest.c >&5
configure:4002: $? = 0
configure:4009: result: yes
configure:4017: checking for inline
configure:4033: gcc -c -g -O2  conftest.c >&5
configure:4033: $? = 0
configure:4041: result: inline
configure:4126: checking for getpwnam in -lsun
configure:4151: gcc -o conftest -g -O2   conftest.c -lsun   >&5
/usr/bin/ld: cannot find -lsun
collect2: error: ld returned 1 exit status
configure:4151: $? = 1
configure: failed program was:
| /* confdefs.h */
| #define PACKAGE_NAME ""
| #define PACKAGE_TARNAME ""
| #define PACKAGE_VERSION ""
| #define PACKAGE_STRING ""
| #define PACKAGE_BUGREPORT ""
| #define PACKAGE_URL ""
| #define STDC_HEADERS 1
| #define HAVE_SYS_TYPES_H 1
| #define HAVE_SYS_STAT_H 1
| #define HAVE_STDLIB_H 1
| #define HAVE_STRING_H 1
| #define HAVE_MEMORY_H 1
| #define HAVE_STRINGS_H 1
| #define HAVE_INTTYPES_H 1
| #define HAVE_STDINT_H 1
| #define HAVE_UNISTD_H 1
| #define __EXTENSIONS__ 1
| #define _ALL_SOURCE 1
| #define _GNU_SOURCE 1
| #define _POSIX_PTHREAD_SEMANTICS 1
| #define _TANDEM_SOURCE 1
| #define USE_XDF 1
| #define USE_RAWTERM 1
| /* end confdefs.h.  */
| 
| /* Override any GCC internal prototype to avoid an error.
|    Use char because int might match the return type of a GCC
|    builtin and then its argument prototype would still apply.  */
| #ifdef __cplusplus
| extern "C"
| #endif
| char getpwnam ();
| int
| main ()
| {
| return getpwnam ();
|   ;
|   return 0;
| }
configure:4160: result: no
configure:4171: checking for cam_open_device in -lcam
configure:4196: gcc -o conftest -g -O2   conftest.c -lcam   >&5
/usr/bin/ld: cannot find -lcam
collect2: error: ld returned 1 exit status
configure:4196: $? = 1
configure: failed program was:
| /* confdefs.h */
| #define PACKAGE_NAME ""
| #define PACKAGE_TARNAME ""
| #define PACKAGE_VERSION ""
| #define PACKAGE_STRING ""
| #define PACKAGE_BUGREPORT ""
| #define PACKAGE_URL ""
| #define STDC_HEADERS 1
| #define HAVE_SYS_TYPES_H 1
| #define HAVE_SYS_STAT_H 1
| #define HAVE_STDLIB_H 1
| #define HAVE_STRING_H 1
| #define HAVE_MEMORY_H 1
| #define HAVE_STRINGS_H 1
| #define HAVE_INTTYPES_H 1
| #define HAVE_STDINT_H 1
| #define HAVE_UNISTD_H 1
| #define __EXTENSIONS__ 1
| #define _ALL_SOURCE 1
| #define _GNU_SOURCE 1
| #define _POSIX_PTHREAD_SEMANTICS 1
| #define _TANDEM_SOURCE 1
| #define USE_XDF 1
| #define USE_RAWTERM 1
| /* end confdefs.h.  */
| 
| /* Override any GCC internal prototype to avoid an error.
|    Use char because int might match the return type of a GCC
|    builtin and then its argument prototype would still apply.  */
| #ifdef __cplusplus
| extern "C"
| #endif
| char cam_open_device ();
| int
| main ()
| {
| return cam_open_device ();
|   ;
|   return 0;
| }
configure:4205: result: no
configure:4217: checking for ANSI C header files
configure:4321: result: yes
configure:4329: checking for sys/wait.h that is POSIX.1 compatible
configure:4355: gcc -c -g -O2  conftest.c >&5
configure:4355: $? = 0
configure:4362: result: yes
configure:4377: checking getopt.h usability
configure:4377: gcc -c -g -O2  conftest.c >&5
configure:4377: $? = 0
configure:4377: result: yes
configure:4377: checking getopt.h presence
configure:4377: gcc -E  conftest.c
configure:4377: $? = 0
configure:4377: result: yes
configure:4377: checking for getopt.h
configure:4377: result: yes
configure:4377: checking for sys/stat.h
configure:4377: result: yes
configure:4377: checking for stdlib.h
configure:4377: result: yes
configure:4377: checking for unistd.h
configure:4377: result: yes
configure:4377: checking linux/unistd.h usability
configure:4377: gcc -c -g -O2  conftest.c >&5
configure:4377: $? = 0
configure:4377: result: yes
configure:4377: checking linux/unistd.h presence
configure:4377: gcc -E  conftest.c
configure:4377: $? = 0
configure:4377: result: yes
configure:4377: checking for linux/unistd.h
configure:4377: result: yes
configure:4377: checking libc.h usability
configure:4377: gcc -c -g -O2  conftest.c >&5
conftest.c:66:18: fatal error: libc.h: No such file or directory
 #include <libc.h>
                  ^
compilation terminated.
configure:4377: $? = 1
configure: failed program was:
| /* confdefs.h */
| #define PACKAGE_NAME ""
| #define PACKAGE_TARNAME ""
| #define PACKAGE_VERSION ""
| #define PACKAGE_STRING ""
| #define PACKAGE_BUGREPORT ""
| #define PACKAGE_URL ""
| #define STDC_HEADERS 1
| #define HAVE_SYS_TYPES_H 1
| #define HAVE_SYS_STAT_H 1
| #define HAVE_STDLIB_H 1
| #define HAVE_STRING_H 1
| #define HAVE_MEMORY_H 1
| #define HAVE_STRINGS_H 1
| #define HAVE_INTTYPES_H 1
| #define HAVE_STDINT_H 1
| #define HAVE_UNISTD_H 1
| #define __EXTENSIONS__ 1
| #define _ALL_SOURCE 1
| #define _GNU_SOURCE 1
| #define _POSIX_PTHREAD_SEMANTICS 1
| #define _TANDEM_SOURCE 1
| #define USE_XDF 1
| #define USE_RAWTERM 1
| #define STDC_HEADERS 1
| #define HAVE_SYS_WAIT_H 1
| #define HAVE_GETOPT_H 1
| #define HAVE_SYS_STAT_H 1
| #define HAVE_STDLIB_H 1
| #define HAVE_UNISTD_H 1
| #define HAVE_LINUX_UNISTD_H 1
| /* end confdefs.h.  */
| #include <stdio.h>
| #ifdef HAVE_SYS_TYPES_H
| # include <sys/types.h>
| #endif
| #ifdef HAVE_SYS_STAT_H
| # include <sys/stat.h>
| #endif
| #ifdef STDC_HEADERS
| # include <stdlib.h>
| # include <stddef.h>
| #else
| # ifdef HAVE_STDLIB_H
| #  include <stdlib.h>
| # endif
| #endif
| #ifdef HAVE_STRING_H
| # if !defined STDC_HEADERS && defined HAVE_MEMORY_H
| #  include <memory.h>
| # endif
| # include <string.h>
| #endif
| #ifdef HAVE_STRINGS_H
| # include <strings.h>
| #endif
| #ifdef HAVE_INTTYPES_H
| # include <inttypes.h>
| #endif
| #ifdef HAVE_STDINT_H
| # include <stdint.h>
| #endif
| #ifdef HAVE_UNISTD_H
| # include <unistd.h>
| #endif
| #include <libc.h>
configure:4377: result: no
configure:4377: checking libc.h presence
configure:4377: gcc -E  conftest.c
conftest.c:33:18: fatal error: libc.h: No such file or directory
 #include <libc.h>
                  ^
compilation terminated.
configure:4377: $? = 1
configure: failed program was:
| /* confdefs.h */
| #define PACKAGE_NAME ""
| #define PACKAGE_TARNAME ""
| #define PACKAGE_VERSION ""
| #define PACKAGE_STRING ""
| #define PACKAGE_BUGREPORT ""
| #define PACKAGE_URL ""
| #define STDC_HEADERS 1
| #define HAVE_SYS_TYPES_H 1
| #define HAVE_SYS_STAT_H 1
| #define HAVE_STDLIB_H 1
| #define HAVE_STRING_H 1
| #define HAVE_MEMORY_H 1
| #define HAVE_STRINGS_H 1
| #define HAVE_INTTYPES_H 1
| #define HAVE_STDINT_H 1
| #define HAVE_UNISTD_H 1
| #define __EXTENSIONS__ 1
| #define _ALL_SOURCE 1
| #define _GNU_SOURCE 1
| #define _POSIX_PTHREAD_SEMANTICS 1
| #define _TANDEM_SOURCE 1
| #define USE_XDF 1
| #define USE_RAWTERM 1
| #define STDC_HEADERS 1
| #define HAVE_SYS_WAIT_H 1
| #define HAVE_GETOPT_H 1
| #define HAVE_SYS_STAT_H 1
| #define HAVE_STDLIB_H 1
| #define HAVE_UNISTD_H 1
| #define HAVE_LINUX_UNISTD_H 1
| /* end confdefs.h.  */
| #include <libc.h>
configure:4377: result: no
configure:4377: checking for libc.h
configure:4377: result: no
configure:4377: checking fcntl.h usability
configure:4377: gcc -c -g -O2  conftest.c >&5
configure:4377: $? = 0
configure:4377: result: yes
configure:4377: checking fcntl.h presence
configure:4377: gcc -E  conftest.c
configure:4377: $? = 0
configure:4377: result: yes
configure:4377: checking for fcntl.h
configure:4377: result: yes
configure:4377: checking limits.h usability
configure:4377: gcc -c -g -O2  conftest.c >&5
configure:4377: $? = 0
configure:4377: result: yes
configure:4377: checking limits.h presence
configure:4377: gcc -E  conftest.c
configure:4377: $? = 0
configure:4377: result: yes
configure:4377: checking for limits.h
configure:4377: result: yes
configure:4377: checking sys/file.h usability
configure:4377: gcc -c -g -O2  conftest.c >&5
configure:4377: $? = 0
configure:4377: result: yes
configure:4377: checking sys/file.h presence
configure:4377: gcc -E  conftest.c
configure:4377: $? = 0
configure:4377: result: yes
configure:4377: checking for sys/file.h
configure:4377: result: yes
configure:4377: checking sys/ioctl.h usability
configure:4377: gcc -c -g -O2  conftest.c >&5
configure:4377: $? = 0
configure:4377: result: yes
configure:4377: checking sys/ioctl.h presence
configure:4377: gcc -E  conftest.c
configure:4377: $? = 0
configure:4377: result: yes
configure:4377: checking for sys/ioctl.h
configure:4377: result: yes
configure:4377: checking sys/time.h usability
configure:4377: gcc -c -g -O2  conftest.c >&5
configure:4377: $? = 0
configure:4377: result: yes
configure:4377: checking sys/time.h presence
configure:4377: gcc -E  conftest.c
configure:4377: $? = 0
configure:4377: result: yes
configure:4377: checking for sys/time.h
configure:4377: result: yes
configure:4377: checking for strings.h
configure:4377: result: yes
configure:4377: checking for string.h
configure:4377: result: yes
configure:4377: checking sys/param.h usability
configure:4377: gcc -c -g -O2  conftest.c >&5
configure:4377: $? = 0
configure:4377: result: yes
configure:4377: checking sys/param.h presence
configure:4377: gcc -E  conftest.c
configure:4377: $? = 0
configure:4377: result: yes
configure:4377: checking for sys/param.h
configure:4377: result: yes
configure:4377: checking for memory.h
configure:4377: result: yes
configure:4377: checking malloc.h usability
configure:4377: gcc -c -g -O2  conftest.c >&5
configure:4377: $? = 0
configure:4377: result: yes
configure:4377: checking malloc.h presence
configure:4377: gcc -E  conftest.c
configure:4377: $? = 0
configure:4377: result: yes
configure:4377: checking for malloc.h
configure:4377: result: yes
configure:4377: checking signal.h usability
configure:4377: gcc -c -g -O2  conftest.c >&5
configure:4377: $? = 0
configure:4377: result: yes
configure:4377: checking signal.h presence
configure:4377: gcc -E  conftest.c
configure:4377: $? = 0
configure:4377: result: yes
configure:4377: checking for signal.h
configure:4377: result: yes
configure:4377: checking sys/signal.h usability
configure:4377: gcc -c -g -O2  conftest.c >&5
configure:4377: $? = 0
configure:4377: result: yes
configure:4377: checking sys/signal.h presence
configure:4377: gcc -E  conftest.c
configure:4377: $? = 0
configure:4377: result: yes
configure:4377: checking for sys/signal.h
configure:4377: result: yes
configure:4377: checking utime.h usability
configure:4377: gcc -c -g -O2  conftest.c >&5
configure:4377: $? = 0
configure:4377: result: yes
configure:4377: checking utime.h presence
configure:4377: gcc -E  conftest.c
configure:4377: $? = 0
configure:4377: result: yes
configure:4377: checking for utime.h
configure:4377: result: yes
configure:4377: checking sgtty.h usability
configure:4377: gcc -c -g -O2  conftest.c >&5
configure:4377: $? = 0
configure:4377: result: yes
configure:4377: checking sgtty.h presence
configure:4377: gcc -E  conftest.c
configure:4377: $? = 0
configure:4377: result: yes
configure:4377: checking for sgtty.h
configure:4377: result: yes
configure:4377: checking sys/floppy.h usability
configure:4377: gcc -c -g -O2  conftest.c >&5
conftest.c:80:24: fatal error: sys/floppy.h: No such file or directory
 #include <sys/floppy.h>
                        ^
compilation terminated.
configure:4377: $? = 1
configure: failed program was:
| /* confdefs.h */
| #define PACKAGE_NAME ""
| #define PACKAGE_TARNAME ""
| #define PACKAGE_VERSION ""
| #define PACKAGE_STRING ""
| #define PACKAGE_BUGREPORT ""
| #define PACKAGE_URL ""
| #define STDC_HEADERS 1
| #define HAVE_SYS_TYPES_H 1
| #define HAVE_SYS_STAT_H 1
| #define HAVE_STDLIB_H 1
| #define HAVE_STRING_H 1
| #define HAVE_MEMORY_H 1
| #define HAVE_STRINGS_H 1
| #define HAVE_INTTYPES_H 1
| #define HAVE_STDINT_H 1
| #define HAVE_UNISTD_H 1
| #define __EXTENSIONS__ 1
| #define _ALL_SOURCE 1
| #define _GNU_SOURCE 1
| #define _POSIX_PTHREAD_SEMANTICS 1
| #define _TANDEM_SOURCE 1
| #define USE_XDF 1
| #define USE_RAWTERM 1
| #define STDC_HEADERS 1
| #define HAVE_SYS_WAIT_H 1
| #define HAVE_GETOPT_H 1
| #define HAVE_SYS_STAT_H 1
| #define HAVE_STDLIB_H 1
| #define HAVE_UNISTD_H 1
| #define HAVE_LINUX_UNISTD_H 1
| #define HAVE_FCNTL_H 1
| #define HAVE_LIMITS_H 1
| #define HAVE_SYS_FILE_H 1
| #define HAVE_SYS_IOCTL_H 1
| #define HAVE_SYS_TIME_H 1
| #define HAVE_STRINGS_H 1
| #define HAVE_STRING_H 1
| #define HAVE_SYS_PARAM_H 1
| #define HAVE_MEMORY_H 1
| #define HAVE_MALLOC_H 1
| #define HAVE_SIGNAL_H 1
| #define HAVE_SYS_SIGNAL_H 1
| #define HAVE_UTIME_H 1
| #define HAVE_SGTTY_H 1
| /* end confdefs.h.  */
| #include <stdio.h>
| #ifdef HAVE_SYS_TYPES_H
| # include <sys/types.h>
| #endif
| #ifdef HAVE_SYS_STAT_H
| # include <sys/stat.h>
| #endif
| #ifdef STDC_HEADERS
| # include <stdlib.h>
| # include <stddef.h>
| #else
| # ifdef HAVE_STDLIB_H
| #  include <stdlib.h>
| # endif
| #endif
| #ifdef HAVE_STRING_H
| # if !defined STDC_HEADERS && defined HAVE_MEMORY_H
| #  include <memory.h>
| # endif
| # include <string.h>
| #endif
| #ifdef HAVE_STRINGS_H
| # include <strings.h>
| #endif
| #ifdef HAVE_INTTYPES_H
| # include <inttypes.h>
| #endif
| #ifdef HAVE_STDINT_H
| # include <stdint.h>
| #endif
| #ifdef HAVE_UNISTD_H
| # include <unistd.h>
| #endif
| #include <sys/floppy.h>
configure:4377: result: no
configure:4377: checking sys/floppy.h presence
configure:4377: gcc -E  conftest.c
conftest.c:47:24: fatal error: sys/floppy.h: No such file or directory
 #include <sys/floppy.h>
                        ^
compilation terminated.
configure:4377: $? = 1
configure: failed program was:
| /* confdefs.h */
| #define PACKAGE_NAME ""
| #define PACKAGE_TARNAME ""
| #define PACKAGE_VERSION ""
| #define PACKAGE_STRING ""
| #define PACKAGE_BUGREPORT ""
| #define PACKAGE_URL ""
| #define STDC_HEADERS 1
| #define HAVE_SYS_TYPES_H 1
| #define HAVE_SYS_STAT_H 1
| #define HAVE_STDLIB_H 1
| #define HAVE_STRING_H 1
| #define HAVE_MEMORY_H 1
| #define HAVE_STRINGS_H 1
| #define HAVE_INTTYPES_H 1
| #define HAVE_STDINT_H 1
| #define HAVE_UNISTD_H 1
| #define __EXTENSIONS__ 1
| #define _ALL_SOURCE 1
| #define _GNU_SOURCE 1
| #define _POSIX_PTHREAD_SEMANTICS 1
| #define _TANDEM_SOURCE 1
| #define USE_XDF 1
| #define USE_RAWTERM 1
| #define STDC_HEADERS 1
| #define HAVE_SYS_WAIT_H 1
| #define HAVE_GETOPT_H 1
| #define HAVE_SYS_STAT_H 1
| #define HAVE_STDLIB_H 1
| #define HAVE_UNISTD_H 1
| #define HAVE_LINUX_UNISTD_H 1
| #define HAVE_FCNTL_H 1
| #define HAVE_LIMITS_H 1
| #define HAVE_SYS_FILE_H 1
| #define HAVE_SYS_IOCTL_H 1
| #define HAVE_SYS_TIME_H 1
| #define HAVE_STRINGS_H 1
| #define HAVE_STRING_H 1
| #define HAVE_SYS_PARAM_H 1
| #define HAVE_MEMORY_H 1
| #define HAVE_MALLOC_H 1
| #define HAVE_SIGNAL_H 1
| #define HAVE_SYS_SIGNAL_H 1
| #define HAVE_UTIME_H 1
| #define HAVE_SGTTY_H 1
| /* end confdefs.h.  */
| #include <sys/floppy.h>
configure:4377: result: no
configure:4377: checking for sys/floppy.h
configure:4377: result: no
configure:4377: checking mntent.h usability
configure:4377: gcc -c -g -O2  conftest.c >&5
configure:4377: $? = 0
configure:4377: result: yes
configure:4377: checking mntent.h presence
configure:4377: gcc -E  conftest.c
configure:4377: $? = 0
configure:4377: result: yes
configure:4377: checking for mntent.h
configure:4377: result: yes
configure:4377: checking sys/sysmacros.h usability
configure:4377: gcc -c -g -O2  conftest.c >&5
configure:4377: $? = 0
configure:4377: result: yes
configure:4377: checking sys/sysmacros.h presence
configure:4377: gcc -E  conftest.c
configure:4377: $? = 0
configure:4377: result: yes
configure:4377: checking for sys/sysmacros.h
configure:4377: result: yes
configure:4377: checking netinet/in.h usability
configure:4377: gcc -c -g -O2  conftest.c >&5
configure:4377: $? = 0
configure:4377: result: yes
configure:4377: checking netinet/in.h presence
configure:4377: gcc -E  conftest.c
configure:4377: $? = 0
configure:4377: result: yes
configure:4377: checking for netinet/in.h
configure:4377: result: yes
configure:4377: checking assert.h usability
configure:4377: gcc -c -g -O2  conftest.c >&5
configure:4377: $? = 0
configure:4377: result: yes
configure:4377: checking assert.h presence
configure:4377: gcc -E  conftest.c
configure:4377: $? = 0
configure:4377: result: yes
configure:4377: checking for assert.h
configure:4377: result: yes
configure:4377: checking iconv.h usability
configure:4377: gcc -c -g -O2  conftest.c >&5
configure:4377: $? = 0
configure:4377: result: yes
configure:4377: checking iconv.h presence
configure:4377: gcc -E  conftest.c
configure:4377: $? = 0
configure:4377: result: yes
configure:4377: checking for iconv.h
configure:4377: result: yes
configure:4377: checking wctype.h usability
configure:4377: gcc -c -g -O2  conftest.c >&5
configure:4377: $? = 0
configure:4377: result: yes
configure:4377: checking wctype.h presence
configure:4377: gcc -E  conftest.c
configure:4377: $? = 0
configure:4377: result: yes
configure:4377: checking for wctype.h
configure:4377: result: yes
configure:4377: checking wchar.h usability
configure:4377: gcc -c -g -O2  conftest.c >&5
configure:4377: $? = 0
configure:4377: result: yes
configure:4377: checking wchar.h presence
configure:4377: gcc -E  conftest.c
configure:4377: $? = 0
configure:4377: result: yes
configure:4377: checking for wchar.h
configure:4377: result: yes
configure:4377: checking locale.h usability
configure:4377: gcc -c -g -O2  conftest.c >&5
configure:4377: $? = 0
configure:4377: result: yes
configure:4377: checking locale.h presence
configure:4377: gcc -E  conftest.c
configure:4377: $? = 0
configure:4377: result: yes
configure:4377: checking for locale.h
configure:4377: result: yes
configure:4377: checking linux/fs.h usability
configure:4377: gcc -c -g -O2  conftest.c >&5
configure:4377: $? = 0
configure:4377: result: yes
configure:4377: checking linux/fs.h presence
configure:4377: gcc -E  conftest.c
configure:4377: $? = 0
configure:4377: result: yes
configure:4377: checking for linux/fs.h
configure:4377: result: yes
configure:4390: checking termio.h usability
configure:4390: gcc -c -g -O2  conftest.c >&5
configure:4390: $? = 0
configure:4390: result: yes
configure:4390: checking termio.h presence
configure:4390: gcc -E  conftest.c
configure:4390: $? = 0
configure:4390: result: yes
configure:4390: checking for termio.h
configure:4390: result: yes
configure:4403: checking termios.h usability
configure:4403: gcc -c -g -O2  conftest.c >&5
configure:4403: $? = 0
configure:4403: result: yes
configure:4403: checking termios.h presence
configure:4403: gcc -E  conftest.c
configure:4403: $? = 0
configure:4403: result: yes
configure:4403: checking for termios.h
configure:4403: result: yes
configure:4414: checking for caddr_t
configure:4414: gcc -c -g -O2  conftest.c >&5
configure:4414: $? = 0
configure:4414: gcc -c -g -O2  conftest.c >&5
conftest.c: In function 'main':
conftest.c:94:22: error: expected expression before ')' token
 if (sizeof ((caddr_t)))
                      ^
configure:4414: $? = 1
configure: failed program was:
| /* confdefs.h */
| #define PACKAGE_NAME ""
| #define PACKAGE_TARNAME ""
| #define PACKAGE_VERSION ""
| #define PACKAGE_STRING ""
| #define PACKAGE_BUGREPORT ""
| #define PACKAGE_URL ""
| #define STDC_HEADERS 1
| #define HAVE_SYS_TYPES_H 1
| #define HAVE_SYS_STAT_H 1
| #define HAVE_STDLIB_H 1
| #define HAVE_STRING_H 1
| #define HAVE_MEMORY_H 1
| #define HAVE_STRINGS_H 1
| #define HAVE_INTTYPES_H 1
| #define HAVE_STDINT_H 1
| #define HAVE_UNISTD_H 1
| #define __EXTENSIONS__ 1
| #define _ALL_SOURCE 1
| #define _GNU_SOURCE 1
| #define _POSIX_PTHREAD_SEMANTICS 1
| #define _TANDEM_SOURCE 1
| #define USE_XDF 1
| #define USE_RAWTERM 1
| #define STDC_HEADERS 1
| #define HAVE_SYS_WAIT_H 1
| #define HAVE_GETOPT_H 1
| #define HAVE_SYS_STAT_H 1
| #define HAVE_STDLIB_H 1
| #define HAVE_UNISTD_H 1
| #define HAVE_LINUX_UNISTD_H 1
| #define HAVE_FCNTL_H 1
| #define HAVE_LIMITS_H 1
| #define HAVE_SYS_FILE_H 1
| #define HAVE_SYS_IOCTL_H 1
| #define HAVE_SYS_TIME_H 1
| #define HAVE_STRINGS_H 1
| #define HAVE_STRING_H 1
| #define HAVE_SYS_PARAM_H 1
| #define HAVE_MEMORY_H 1
| #define HAVE_MALLOC_H 1
| #define HAVE_SIGNAL_H 1
| #define HAVE_SYS_SIGNAL_H 1
| #define HAVE_UTIME_H 1
| #define HAVE_SGTTY_H 1
| #define HAVE_MNTENT_H 1
| #define HAVE_SYS_SYSMACROS_H 1
| #define HAVE_NETINET_IN_H 1
| #define HAVE_ASSERT_H 1
| #define HAVE_ICONV_H 1
| #define HAVE_WCTYPE_H 1
| #define HAVE_WCHAR_H 1
| #define HAVE_LOCALE_H 1
| #define HAVE_LINUX_FS_H 1
| #define HAVE_TERMIO_H 1
| #define HAVE_TERMIOS_H 1
| /* end confdefs.h.  */
| #include <stdio.h>
| #ifdef HAVE_SYS_TYPES_H
| # include <sys/types.h>
| #endif
| #ifdef HAVE_SYS_STAT_H
| # include <sys/stat.h>
| #endif
| #ifdef STDC_HEADERS
| # include <stdlib.h>
| # include <stddef.h>
| #else
| # ifdef HAVE_STDLIB_H
| #  include <stdlib.h>
| # endif
| #endif
| #ifdef HAVE_STRING_H
| # if !defined STDC_HEADERS && defined HAVE_MEMORY_H
| #  include <memory.h>
| # endif
| # include <string.h>
| #endif
| #ifdef HAVE_STRINGS_H
| # include <strings.h>
| #endif
| #ifdef HAVE_INTTYPES_H
| # include <inttypes.h>
| #endif
| #ifdef HAVE_STDINT_H
| # include <stdint.h>
| #endif
| #ifdef HAVE_UNISTD_H
| # include <unistd.h>
| #endif
| int
| main ()
| {
| if (sizeof ((caddr_t)))
| 	    return 0;
|   ;
|   return 0;
| }
configure:4414: result: yes
configure:4428: checking size of size_t
configure:4433: gcc -o conftest -g -O2   conftest.c  >&5
configure:4433: $? = 0
configure:4433: ./conftest
configure:4433: $? = 0
configure:4447: result: 8
configure:4458: checking whether llseek declared in unistd.h
configure:4474: gcc -c -g -O2  conftest.c >&5
configure:4474: $? = 0
configure:4482: result: no
configure:4490: checking whether lseek64 declared in unistd.h
configure:4509: gcc -c -g -O2  conftest.c >&5
In file included from conftest.c:61:0:
sysincludes.h:24:0: warning: "_GNU_SOURCE" redefined
 #define _GNU_SOURCE
 ^
conftest.c:20:0: note: this is the location of the previous definition
 #define _GNU_SOURCE 1
 ^
In file included from conftest.c:61:0:
sysincludes.h:26:20: fatal error: config.h: No such file or directory
 #include "config.h"
                    ^
compilation terminated.
configure:4509: $? = 1
configure: failed program was:
| /* confdefs.h */
| #define PACKAGE_NAME ""
| #define PACKAGE_TARNAME ""
| #define PACKAGE_VERSION ""
| #define PACKAGE_STRING ""
| #define PACKAGE_BUGREPORT ""
| #define PACKAGE_URL ""
| #define STDC_HEADERS 1
| #define HAVE_SYS_TYPES_H 1
| #define HAVE_SYS_STAT_H 1
| #define HAVE_STDLIB_H 1
| #define HAVE_STRING_H 1
| #define HAVE_MEMORY_H 1
| #define HAVE_STRINGS_H 1
| #define HAVE_INTTYPES_H 1
| #define HAVE_STDINT_H 1
| #define HAVE_UNISTD_H 1
| #define __EXTENSIONS__ 1
| #define _ALL_SOURCE 1
| #define _GNU_SOURCE 1
| #define _POSIX_PTHREAD_SEMANTICS 1
| #define _TANDEM_SOURCE 1
| #define USE_XDF 1
| #define USE_RAWTERM 1
| #define STDC_HEADERS 1
| #define HAVE_SYS_WAIT_H 1
| #define HAVE_GETOPT_H 1
| #define HAVE_SYS_STAT_H 1
| #define HAVE_STDLIB_H 1
| #define HAVE_UNISTD_H 1
| #define HAVE_LINUX_UNISTD_H 1
| #define HAVE_FCNTL_H 1
| #define HAVE_LIMITS_H 1
| #define HAVE_SYS_FILE_H 1
| #define HAVE_SYS_IOCTL_H 1
| #define HAVE_SYS_TIME_H 1
| #define HAVE_STRINGS_H 1
| #define HAVE_STRING_H 1
| #define HAVE_SYS_PARAM_H 1
| #define HAVE_MEMORY_H 1
| #define HAVE_MALLOC_H 1
| #define HAVE_SIGNAL_H 1
| #define HAVE_SYS_SIGNAL_H 1
| #define HAVE_UTIME_H 1
| #define HAVE_SGTTY_H 1
| #define HAVE_MNTENT_H 1
| #define HAVE_SYS_SYSMACROS_H 1
| #define HAVE_NETINET_IN_H 1
| #define HAVE_ASSERT_H 1
| #define HAVE_ICONV_H 1
| #define HAVE_WCTYPE_H 1
| #define HAVE_WCHAR_H 1
| #define HAVE_LOCALE_H 1
| #define HAVE_LINUX_FS_H 1
| #define HAVE_TERMIO_H 1
| #define HAVE_TERMIOS_H 1
| #define HAVE_CADDR_T 1
| #define SIZEOF_SIZE_T 8
| /* end confdefs.h.  */
| 
| #include "sysincludes.h"
| #include <unistd.h>
| 
| int
| main ()
| {
| extern int lseek64(int);
|   ;
|   return 0;
| }
configure:4517: result: yes
configure:4528: checking for htons
configure:4528: gcc -o conftest -g -O2   conftest.c  >&5
configure:4528: $? = 0
configure:4528: result: yes
configure:4539: checking for an ANSI C-conforming const
configure:4611: result: yes
configure:4619: checking for inline
configure:4643: result: inline
configure:4661: checking for size_t
configure:4661: gcc -c -g -O2  conftest.c >&5
configure:4661: $? = 0
configure:4661: gcc -c -g -O2  conftest.c >&5
conftest.c: In function 'main':
conftest.c:98:21: error: expected expression before ')' token
 if (sizeof ((size_t)))
                     ^
configure:4661: $? = 1
configure: failed program was:
| /* confdefs.h */
| #define PACKAGE_NAME ""
| #define PACKAGE_TARNAME ""
| #define PACKAGE_VERSION ""
| #define PACKAGE_STRING ""
| #define PACKAGE_BUGREPORT ""
| #define PACKAGE_URL ""
| #define STDC_HEADERS 1
| #define HAVE_SYS_TYPES_H 1
| #define HAVE_SYS_STAT_H 1
| #define HAVE_STDLIB_H 1
| #define HAVE_STRING_H 1
| #define HAVE_MEMORY_H 1
| #define HAVE_STRINGS_H 1
| #define HAVE_INTTYPES_H 1
| #define HAVE_STDINT_H 1
| #define HAVE_UNISTD_H 1
| #define __EXTENSIONS__ 1
| #define _ALL_SOURCE 1
| #define _GNU_SOURCE 1
| #define _POSIX_PTHREAD_SEMANTICS 1
| #define _TANDEM_SOURCE 1
| #define USE_XDF 1
| #define USE_RAWTERM 1
| #define STDC_HEADERS 1
| #define HAVE_SYS_WAIT_H 1
| #define HAVE_GETOPT_H 1
| #define HAVE_SYS_STAT_H 1
| #define HAVE_STDLIB_H 1
| #define HAVE_UNISTD_H 1
| #define HAVE_LINUX_UNISTD_H 1
| #define HAVE_FCNTL_H 1
| #define HAVE_LIMITS_H 1
| #define HAVE_SYS_FILE_H 1
| #define HAVE_SYS_IOCTL_H 1
| #define HAVE_SYS_TIME_H 1
| #define HAVE_STRINGS_H 1
| #define HAVE_STRING_H 1
| #define HAVE_SYS_PARAM_H 1
| #define HAVE_MEMORY_H 1
| #define HAVE_MALLOC_H 1
| #define HAVE_SIGNAL_H 1
| #define HAVE_SYS_SIGNAL_H 1
| #define HAVE_UTIME_H 1
| #define HAVE_SGTTY_H 1
| #define HAVE_MNTENT_H 1
| #define HAVE_SYS_SYSMACROS_H 1
| #define HAVE_NETINET_IN_H 1
| #define HAVE_ASSERT_H 1
| #define HAVE_ICONV_H 1
| #define HAVE_WCTYPE_H 1
| #define HAVE_WCHAR_H 1
| #define HAVE_LOCALE_H 1
| #define HAVE_LINUX_FS_H 1
| #define HAVE_TERMIO_H 1
| #define HAVE_TERMIOS_H 1
| #define HAVE_CADDR_T 1
| #define SIZEOF_SIZE_T 8
| #define HAVE_LSEEK64_PROTOTYPE 1
| #define HAVE_HTONS 1
| /* end confdefs.h.  */
| #include <stdio.h>
| #ifdef HAVE_SYS_TYPES_H
| # include <sys/types.h>
| #endif
| #ifdef HAVE_SYS_STAT_H
| # include <sys/stat.h>
| #endif
| #ifdef STDC_HEADERS
| # include <stdlib.h>
| # include <stddef.h>
| #else
| # ifdef HAVE_STDLIB_H
| #  include <stdlib.h>
| # endif
| #endif
| #ifdef HAVE_STRING_H
| # if !defined STDC_HEADERS && defined HAVE_MEMORY_H
| #  include <memory.h>
| # endif
| # include <string.h>
| #endif
| #ifdef HAVE_STRINGS_H
| # include <strings.h>
| #endif
| #ifdef HAVE_INTTYPES_H
| # include <inttypes.h>
| #endif
| #ifdef HAVE_STDINT_H
| # include <stdint.h>
| #endif
| #ifdef HAVE_UNISTD_H
| # include <unistd.h>
| #endif
| int
| main ()
| {
| if (sizeof ((size_t)))
| 	    return 0;
|   ;
|   return 0;
| }
configure:4661: result: yes
configure:4672: checking whether time.h and sys/time.h may both be included
configure:4692: gcc -c -g -O2  conftest.c >&5
configure:4692: $? = 0
configure:4699: result: yes
configure:4707: checking whether struct tm is in sys/time.h or time.h
configure:4727: gcc -c -g -O2  conftest.c >&5
configure:4727: $? = 0
configure:4734: result: time.h
configure:4744: checking return type of signal handlers
configure:4762: gcc -c -g -O2  conftest.c >&5
conftest.c: In function 'main':
conftest.c:69:1: error: void value not ignored as it ought to be
 return *(signal (0, 0)) (0) == 1;
 ^
configure:4762: $? = 1
configure: failed program was:
| /* confdefs.h */
| #define PACKAGE_NAME ""
| #define PACKAGE_TARNAME ""
| #define PACKAGE_VERSION ""
| #define PACKAGE_STRING ""
| #define PACKAGE_BUGREPORT ""
| #define PACKAGE_URL ""
| #define STDC_HEADERS 1
| #define HAVE_SYS_TYPES_H 1
| #define HAVE_SYS_STAT_H 1
| #define HAVE_STDLIB_H 1
| #define HAVE_STRING_H 1
| #define HAVE_MEMORY_H 1
| #define HAVE_STRINGS_H 1
| #define HAVE_INTTYPES_H 1
| #define HAVE_STDINT_H 1
| #define HAVE_UNISTD_H 1
| #define __EXTENSIONS__ 1
| #define _ALL_SOURCE 1
| #define _GNU_SOURCE 1
| #define _POSIX_PTHREAD_SEMANTICS 1
| #define _TANDEM_SOURCE 1
| #define USE_XDF 1
| #define USE_RAWTERM 1
| #define STDC_HEADERS 1
| #define HAVE_SYS_WAIT_H 1
| #define HAVE_GETOPT_H 1
| #define HAVE_SYS_STAT_H 1
| #define HAVE_STDLIB_H 1
| #define HAVE_UNISTD_H 1
| #define HAVE_LINUX_UNISTD_H 1
| #define HAVE_FCNTL_H 1
| #define HAVE_LIMITS_H 1
| #define HAVE_SYS_FILE_H 1
| #define HAVE_SYS_IOCTL_H 1
| #define HAVE_SYS_TIME_H 1
| #define HAVE_STRINGS_H 1
| #define HAVE_STRING_H 1
| #define HAVE_SYS_PARAM_H 1
| #define HAVE_MEMORY_H 1
| #define HAVE_MALLOC_H 1
| #define HAVE_SIGNAL_H 1
| #define HAVE_SYS_SIGNAL_H 1
| #define HAVE_UTIME_H 1
| #define HAVE_SGTTY_H 1
| #define HAVE_MNTENT_H 1
| #define HAVE_SYS_SYSMACROS_H 1
| #define HAVE_NETINET_IN_H 1
| #define HAVE_ASSERT_H 1
| #define HAVE_ICONV_H 1
| #define HAVE_WCTYPE_H 1
| #define HAVE_WCHAR_H 1
| #define HAVE_LOCALE_H 1
| #define HAVE_LINUX_FS_H 1
| #define HAVE_TERMIO_H 1
| #define HAVE_TERMIOS_H 1
| #define HAVE_CADDR_T 1
| #define SIZEOF_SIZE_T 8
| #define HAVE_LSEEK64_PROTOTYPE 1
| #define HAVE_HTONS 1
| #define TIME_WITH_SYS_TIME 1
| /* end confdefs.h.  */
| #include <sys/types.h>
| #include <signal.h>
| 
| int
| main ()
| {
| return *(signal (0, 0)) (0) == 1;
|   ;
|   return 0;
| }
configure:4769: result: void
configure:4788: checking for strerror
configure:4788: gcc -o conftest -g -O2   conftest.c  >&5
configure:4788: $? = 0
configure:4788: result: yes
configure:4788: checking for random
configure:4788: gcc -o conftest -g -O2   conftest.c  >&5
configure:4788: $? = 0
configure:4788: result: yes
configure:4788: checking for srandom
configure:4788: gcc -o conftest -g -O2   conftest.c  >&5
configure:4788: $? = 0
configure:4788: result: yes
configure:4788: checking for strchr
configure:4788: gcc -o conftest -g -O2   conftest.c  >&5
conftest.c:90:6: warning: conflicting types for built-in function 'strchr'
 char strchr ();
      ^
configure:4788: $? = 0
configure:4788: result: yes
configure:4788: checking for strrchr
configure:4788: gcc -o conftest -g -O2   conftest.c  >&5
conftest.c:91:6: warning: conflicting types for built-in function 'strrchr'
 char strrchr ();
      ^
configure:4788: $? = 0
configure:4788: result: yes
configure:4788: checking for lockf
configure:4788: gcc -o conftest -g -O2   conftest.c  >&5
configure:4788: $? = 0
configure:4788: result: yes
configure:4788: checking for flock
configure:4788: gcc -o conftest -g -O2   conftest.c  >&5
configure:4788: $? = 0
configure:4788: result: yes
configure:4788: checking for strcasecmp
configure:4788: gcc -o conftest -g -O2   conftest.c  >&5
conftest.c:94:6: warning: conflicting types for built-in function 'strcasecmp'
 char strcasecmp ();
      ^
configure:4788: $? = 0
configure:4788: result: yes
configure:4788: checking for strncasecmp
configure:4788: gcc -o conftest -g -O2   conftest.c  >&5
conftest.c:95:6: warning: conflicting types for built-in function 'strncasecmp'
 char strncasecmp ();
      ^
configure:4788: $? = 0
configure:4788: result: yes
configure:4788: checking for strnlen
configure:4788: gcc -o conftest -g -O2   conftest.c  >&5
configure:4788: $? = 0
configure:4788: result: yes
configure:4788: checking for atexit
configure:4788: gcc -o conftest -g -O2   conftest.c  >&5
configure:4788: $? = 0
configure:4788: result: yes
configure:4788: checking for on_exit
configure:4788: gcc -o conftest -g -O2   conftest.c  >&5
configure:4788: $? = 0
configure:4788: result: yes
configure:4788: checking for getpass
configure:4788: gcc -o conftest -g -O2   conftest.c  >&5
configure:4788: $? = 0
configure:4788: result: yes
configure:4788: checking for memmove
configure:4788: gcc -o conftest -g -O2   conftest.c  >&5
conftest.c:100:6: warning: conflicting types for built-in function 'memmove'
 char memmove ();
      ^
configure:4788: $? = 0
configure:4788: result: yes
configure:4788: checking for strdup
configure:4788: gcc -o conftest -g -O2   conftest.c  >&5
conftest.c:101:6: warning: conflicting types for built-in function 'strdup'
 char strdup ();
      ^
configure:4788: $? = 0
configure:4788: result: yes
configure:4788: checking for strcspn
configure:4788: gcc -o conftest -g -O2   conftest.c  >&5
conftest.c:102:6: warning: conflicting types for built-in function 'strcspn'
 char strcspn ();
      ^
configure:4788: $? = 0
configure:4788: result: yes
configure:4788: checking for strspn
configure:4788: gcc -o conftest -g -O2   conftest.c  >&5
conftest.c:103:6: warning: conflicting types for built-in function 'strspn'
 char strspn ();
      ^
configure:4788: $? = 0
configure:4788: result: yes
configure:4788: checking for strtoul
configure:4788: gcc -o conftest -g -O2   conftest.c  >&5
configure:4788: $? = 0
configure:4788: result: yes
configure:4788: checking for strtol
configure:4788: gcc -o conftest -g -O2   conftest.c  >&5
configure:4788: $? = 0
configure:4788: result: yes
configure:4788: checking for memcpy
configure:4788: gcc -o conftest -g -O2   conftest.c  >&5
conftest.c:106:6: warning: conflicting types for built-in function 'memcpy'
 char memcpy ();
      ^
configure:4788: $? = 0
configure:4788: result: yes
configure:4788: checking for strpbrk
configure:4788: gcc -o conftest -g -O2   conftest.c  >&5
conftest.c:107:6: warning: conflicting types for built-in function 'strpbrk'
 char strpbrk ();
      ^
configure:4788: $? = 0
configure:4788: result: yes
configure:4788: checking for memset
configure:4788: gcc -o conftest -g -O2   conftest.c  >&5
conftest.c:108:6: warning: conflicting types for built-in function 'memset'
 char memset ();
      ^
configure:4788: $? = 0
configure:4788: result: yes
configure:4788: checking for setenv
configure:4788: gcc -o conftest -g -O2   conftest.c  >&5
configure:4788: $? = 0
configure:4788: result: yes
configure:4788: checking for seteuid
configure:4788: gcc -o conftest -g -O2   conftest.c  >&5
configure:4788: $? = 0
configure:4788: result: yes
configure:4788: checking for setresuid
configure:4788: gcc -o conftest -g -O2   conftest.c  >&5
configure:4788: $? = 0
configure:4788: result: yes
configure:4788: checking for setpgrp
configure:4788: gcc -o conftest -g -O2   conftest.c  >&5
configure:4788: $? = 0
configure:4788: result: yes
configure:4788: checking for tcsetattr
configure:4788: gcc -o conftest -g -O2   conftest.c  >&5
configure:4788: $? = 0
configure:4788: result: yes
configure:4788: checking for tcflush
configure:4788: gcc -o conftest -g -O2   conftest.c  >&5
configure:4788: $? = 0
configure:4788: result: yes
configure:4788: checking for basename
configure:4788: gcc -o conftest -g -O2   conftest.c  >&5
configure:4788: $? = 0
configure:4788: result: yes
configure:4788: checking for fchdir
configure:4788: gcc -o conftest -g -O2   conftest.c  >&5
configure:4788: $? = 0
configure:4788: result: yes
configure:4788: checking for media_oldaliases
configure:4788: gcc -o conftest -g -O2   conftest.c  >&5
/tmp/cc7Vjs5J.o: In function `main':
/home/chrono/root/external/mtools/conftest.c:128: undefined reference to `media_oldaliases'
collect2: error: ld returned 1 exit status
configure:4788: $? = 1
configure: failed program was:
| /* confdefs.h */
| #define PACKAGE_NAME ""
| #define PACKAGE_TARNAME ""
| #define PACKAGE_VERSION ""
| #define PACKAGE_STRING ""
| #define PACKAGE_BUGREPORT ""
| #define PACKAGE_URL ""
| #define STDC_HEADERS 1
| #define HAVE_SYS_TYPES_H 1
| #define HAVE_SYS_STAT_H 1
| #define HAVE_STDLIB_H 1
| #define HAVE_STRING_H 1
| #define HAVE_MEMORY_H 1
| #define HAVE_STRINGS_H 1
| #define HAVE_INTTYPES_H 1
| #define HAVE_STDINT_H 1
| #define HAVE_UNISTD_H 1
| #define __EXTENSIONS__ 1
| #define _ALL_SOURCE 1
| #define _GNU_SOURCE 1
| #define _POSIX_PTHREAD_SEMANTICS 1
| #define _TANDEM_SOURCE 1
| #define USE_XDF 1
| #define USE_RAWTERM 1
| #define STDC_HEADERS 1
| #define HAVE_SYS_WAIT_H 1
| #define HAVE_GETOPT_H 1
| #define HAVE_SYS_STAT_H 1
| #define HAVE_STDLIB_H 1
| #define HAVE_UNISTD_H 1
| #define HAVE_LINUX_UNISTD_H 1
| #define HAVE_FCNTL_H 1
| #define HAVE_LIMITS_H 1
| #define HAVE_SYS_FILE_H 1
| #define HAVE_SYS_IOCTL_H 1
| #define HAVE_SYS_TIME_H 1
| #define HAVE_STRINGS_H 1
| #define HAVE_STRING_H 1
| #define HAVE_SYS_PARAM_H 1
| #define HAVE_MEMORY_H 1
| #define HAVE_MALLOC_H 1
| #define HAVE_SIGNAL_H 1
| #define HAVE_SYS_SIGNAL_H 1
| #define HAVE_UTIME_H 1
| #define HAVE_SGTTY_H 1
| #define HAVE_MNTENT_H 1
| #define HAVE_SYS_SYSMACROS_H 1
| #define HAVE_NETINET_IN_H 1
| #define HAVE_ASSERT_H 1
| #define HAVE_ICONV_H 1
| #define HAVE_WCTYPE_H 1
| #define HAVE_WCHAR_H 1
| #define HAVE_LOCALE_H 1
| #define HAVE_LINUX_FS_H 1
| #define HAVE_TERMIO_H 1
| #define HAVE_TERMIOS_H 1
| #define HAVE_CADDR_T 1
| #define SIZEOF_SIZE_T 8
| #define HAVE_LSEEK64_PROTOTYPE 1
| #define HAVE_HTONS 1
| #define TIME_WITH_SYS_TIME 1
| #define RETSIGTYPE void
| #define HAVE_STRERROR 1
| #define HAVE_RANDOM 1
| #define HAVE_SRANDOM 1
| #define HAVE_STRCHR 1
| #define HAVE_STRRCHR 1
| #define HAVE_LOCKF 1
| #define HAVE_FLOCK 1
| #define HAVE_STRCASECMP 1
| #define HAVE_STRNCASECMP 1
| #define HAVE_STRNLEN 1
| #define HAVE_ATEXIT 1
| #define HAVE_ON_EXIT 1
| #define HAVE_GETPASS 1
| #define HAVE_MEMMOVE 1
| #define HAVE_STRDUP 1
| #define HAVE_STRCSPN 1
| #define HAVE_STRSPN 1
| #define HAVE_STRTOUL 1
| #define HAVE_STRTOL 1
| #define HAVE_MEMCPY 1
| #define HAVE_STRPBRK 1
| #define HAVE_MEMSET 1
| #define HAVE_SETENV 1
| #define HAVE_SETEUID 1
| #define HAVE_SETRESUID 1
| #define HAVE_SETPGRP 1
| #define HAVE_TCSETATTR 1
| #define HAVE_TCFLUSH 1
| #define HAVE_BASENAME 1
| #define HAVE_FCHDIR 1
| /* end confdefs.h.  */
| /* Define media_oldaliases to an innocuous variant, in case <limits.h> declares media_oldaliases.
|    For example, HP-UX 11i <limits.h> declares gettimeofday.  */
| #define media_oldaliases innocuous_media_oldaliases
| 
| /* System header to define __stub macros and hopefully few prototypes,
|     which can conflict with char media_oldaliases (); below.
|     Prefer <limits.h> to <assert.h> if __STDC__ is defined, since
|     <limits.h> exists even on freestanding compilers.  */
| 
| #ifdef __STDC__
| # include <limits.h>
| #else
| # include <assert.h>
| #endif
| 
| #undef media_oldaliases
| 
| /* Override any GCC internal prototype to avoid an error.
|    Use char because int might match the return type of a GCC
|    builtin and then its argument prototype would still apply.  */
| #ifdef __cplusplus
| extern "C"
| #endif
| char media_oldaliases ();
| /* The GNU C library defines this for functions which it implements
|     to always fail with ENOSYS.  Some functions are actually named
|     something starting with __ and the normal name is an alias.  */
| #if defined __stub_media_oldaliases || defined __stub___media_oldaliases
| choke me
| #endif
| 
| int
| main ()
| {
| return media_oldaliases ();
|   ;
|   return 0;
| }
configure:4788: result: no
configure:4788: checking for llseek
configure:4788: gcc -o conftest -g -O2   conftest.c  >&5
configure:4788: $? = 0
configure:4788: result: yes
configure:4788: checking for lseek64
configure:4788: gcc -o conftest -g -O2   conftest.c  >&5
configure:4788: $? = 0
configure:4788: result: yes
configure:4788: checking for snprintf
configure:4788: gcc -o conftest -g -O2   conftest.c  >&5
conftest.c:119:6: warning: conflicting types for built-in function 'snprintf'
 char snprintf ();
      ^
configure:4788: $? = 0
configure:4788: result: yes
configure:4788: checking for stat
configure:4788: gcc -o conftest -g -O2   conftest.c  >&5
configure:4788: $? = 0
configure:4788: result: yes
configure:4788: checking for setlocale
configure:4788: gcc -o conftest -g -O2   conftest.c  >&5
configure:4788: $? = 0
configure:4788: result: yes
configure:4788: checking for wcsdup
configure:4788: gcc -o conftest -g -O2   conftest.c  >&5
configure:4788: $? = 0
configure:4788: result: yes
configure:4788: checking for wcscasecmp
configure:4788: gcc -o conftest -g -O2   conftest.c  >&5
configure:4788: $? = 0
configure:4788: result: yes
configure:4788: checking for wcsnlen
configure:4788: gcc -o conftest -g -O2   conftest.c  >&5
configure:4788: $? = 0
configure:4788: result: yes
configure:4788: checking for putwc
configure:4788: gcc -o conftest -g -O2   conftest.c  >&5
configure:4788: $? = 0
configure:4788: result: yes
configure:4788: checking for getuserid
configure:4788: gcc -o conftest -g -O2   conftest.c  >&5
/tmp/ccHbmPfK.o: In function `main':
/home/chrono/root/external/mtools/conftest.c:137: undefined reference to `getuserid'
collect2: error: ld returned 1 exit status
configure:4788: $? = 1
configure: failed program was:
| /* confdefs.h */
| #define PACKAGE_NAME ""
| #define PACKAGE_TARNAME ""
| #define PACKAGE_VERSION ""
| #define PACKAGE_STRING ""
| #define PACKAGE_BUGREPORT ""
| #define PACKAGE_URL ""
| #define STDC_HEADERS 1
| #define HAVE_SYS_TYPES_H 1
| #define HAVE_SYS_STAT_H 1
| #define HAVE_STDLIB_H 1
| #define HAVE_STRING_H 1
| #define HAVE_MEMORY_H 1
| #define HAVE_STRINGS_H 1
| #define HAVE_INTTYPES_H 1
| #define HAVE_STDINT_H 1
| #define HAVE_UNISTD_H 1
| #define __EXTENSIONS__ 1
| #define _ALL_SOURCE 1
| #define _GNU_SOURCE 1
| #define _POSIX_PTHREAD_SEMANTICS 1
| #define _TANDEM_SOURCE 1
| #define USE_XDF 1
| #define USE_RAWTERM 1
| #define STDC_HEADERS 1
| #define HAVE_SYS_WAIT_H 1
| #define HAVE_GETOPT_H 1
| #define HAVE_SYS_STAT_H 1
| #define HAVE_STDLIB_H 1
| #define HAVE_UNISTD_H 1
| #define HAVE_LINUX_UNISTD_H 1
| #define HAVE_FCNTL_H 1
| #define HAVE_LIMITS_H 1
| #define HAVE_SYS_FILE_H 1
| #define HAVE_SYS_IOCTL_H 1
| #define HAVE_SYS_TIME_H 1
| #define HAVE_STRINGS_H 1
| #define HAVE_STRING_H 1
| #define HAVE_SYS_PARAM_H 1
| #define HAVE_MEMORY_H 1
| #define HAVE_MALLOC_H 1
| #define HAVE_SIGNAL_H 1
| #define HAVE_SYS_SIGNAL_H 1
| #define HAVE_UTIME_H 1
| #define HAVE_SGTTY_H 1
| #define HAVE_MNTENT_H 1
| #define HAVE_SYS_SYSMACROS_H 1
| #define HAVE_NETINET_IN_H 1
| #define HAVE_ASSERT_H 1
| #define HAVE_ICONV_H 1
| #define HAVE_WCTYPE_H 1
| #define HAVE_WCHAR_H 1
| #define HAVE_LOCALE_H 1
| #define HAVE_LINUX_FS_H 1
| #define HAVE_TERMIO_H 1
| #define HAVE_TERMIOS_H 1
| #define HAVE_CADDR_T 1
| #define SIZEOF_SIZE_T 8
| #define HAVE_LSEEK64_PROTOTYPE 1
| #define HAVE_HTONS 1
| #define TIME_WITH_SYS_TIME 1
| #define RETSIGTYPE void
| #define HAVE_STRERROR 1
| #define HAVE_RANDOM 1
| #define HAVE_SRANDOM 1
| #define HAVE_STRCHR 1
| #define HAVE_STRRCHR 1
| #define HAVE_LOCKF 1
| #define HAVE_FLOCK 1
| #define HAVE_STRCASECMP 1
| #define HAVE_STRNCASECMP 1
| #define HAVE_STRNLEN 1
| #define HAVE_ATEXIT 1
| #define HAVE_ON_EXIT 1
| #define HAVE_GETPASS 1
| #define HAVE_MEMMOVE 1
| #define HAVE_STRDUP 1
| #define HAVE_STRCSPN 1
| #define HAVE_STRSPN 1
| #define HAVE_STRTOUL 1
| #define HAVE_STRTOL 1
| #define HAVE_MEMCPY 1
| #define HAVE_STRPBRK 1
| #define HAVE_MEMSET 1
| #define HAVE_SETENV 1
| #define HAVE_SETEUID 1
| #define HAVE_SETRESUID 1
| #define HAVE_SETPGRP 1
| #define HAVE_TCSETATTR 1
| #define HAVE_TCFLUSH 1
| #define HAVE_BASENAME 1
| #define HAVE_FCHDIR 1
| #define HAVE_LLSEEK 1
| #define HAVE_LSEEK64 1
| #define HAVE_SNPRINTF 1
| #define HAVE_STAT64 1
| #define HAVE_SETLOCALE 1
| #define HAVE_WCSDUP 1
| #define HAVE_WCSCASECMP 1
| #define HAVE_WCSNLEN 1
| #define HAVE_PUTWC 1
| /* end confdefs.h.  */
| /* Define getuserid to an innocuous variant, in case <limits.h> declares getuserid.
|    For example, HP-UX 11i <limits.h> declares gettimeofday.  */
| #define getuserid innocuous_getuserid
| 
| /* System header to define __stub macros and hopefully few prototypes,
|     which can conflict with char getuserid (); below.
|     Prefer <limits.h> to <assert.h> if __STDC__ is defined, since
|     <limits.h> exists even on freestanding compilers.  */
| 
| #ifdef __STDC__
| # include <limits.h>
| #else
| # include <assert.h>
| #endif
| 
| #undef getuserid
| 
| /* Override any GCC internal prototype to avoid an error.
|    Use char because int might match the return type of a GCC
|    builtin and then its argument prototype would still apply.  */
| #ifdef __cplusplus
| extern "C"
| #endif
| char getuserid ();
| /* The GNU C library defines this for functions which it implements
|     to always fail with ENOSYS.  Some functions are actually named
|     something starting with __ and the normal name is an alias.  */
| #if defined __stub_getuserid || defined __stub___getuserid
| choke me
| #endif
| 
| int
| main ()
| {
| return getuserid ();
|   ;
|   return 0;
| }
configure:4788: result: no
configure:4788: checking for getgroupid
configure:4788: gcc -o conftest -g -O2   conftest.c  >&5
/tmp/cczVzgXR.o: In function `main':
/home/chrono/root/external/mtools/conftest.c:137: undefined reference to `getgroupid'
collect2: error: ld returned 1 exit status
configure:4788: $? = 1
configure: failed program was:
| /* confdefs.h */
| #define PACKAGE_NAME ""
| #define PACKAGE_TARNAME ""
| #define PACKAGE_VERSION ""
| #define PACKAGE_STRING ""
| #define PACKAGE_BUGREPORT ""
| #define PACKAGE_URL ""
| #define STDC_HEADERS 1
| #define HAVE_SYS_TYPES_H 1
| #define HAVE_SYS_STAT_H 1
| #define HAVE_STDLIB_H 1
| #define HAVE_STRING_H 1
| #define HAVE_MEMORY_H 1
| #define HAVE_STRINGS_H 1
| #define HAVE_INTTYPES_H 1
| #define HAVE_STDINT_H 1
| #define HAVE_UNISTD_H 1
| #define __EXTENSIONS__ 1
| #define _ALL_SOURCE 1
| #define _GNU_SOURCE 1
| #define _POSIX_PTHREAD_SEMANTICS 1
| #define _TANDEM_SOURCE 1
| #define USE_XDF 1
| #define USE_RAWTERM 1
| #define STDC_HEADERS 1
| #define HAVE_SYS_WAIT_H 1
| #define HAVE_GETOPT_H 1
| #define HAVE_SYS_STAT_H 1
| #define HAVE_STDLIB_H 1
| #define HAVE_UNISTD_H 1
| #define HAVE_LINUX_UNISTD_H 1
| #define HAVE_FCNTL_H 1
| #define HAVE_LIMITS_H 1
| #define HAVE_SYS_FILE_H 1
| #define HAVE_SYS_IOCTL_H 1
| #define HAVE_SYS_TIME_H 1
| #define HAVE_STRINGS_H 1
| #define HAVE_STRING_H 1
| #define HAVE_SYS_PARAM_H 1
| #define HAVE_MEMORY_H 1
| #define HAVE_MALLOC_H 1
| #define HAVE_SIGNAL_H 1
| #define HAVE_SYS_SIGNAL_H 1
| #define HAVE_UTIME_H 1
| #define HAVE_SGTTY_H 1
| #define HAVE_MNTENT_H 1
| #define HAVE_SYS_SYSMACROS_H 1
| #define HAVE_NETINET_IN_H 1
| #define HAVE_ASSERT_H 1
| #define HAVE_ICONV_H 1
| #define HAVE_WCTYPE_H 1
| #define HAVE_WCHAR_H 1
| #define HAVE_LOCALE_H 1
| #define HAVE_LINUX_FS_H 1
| #define HAVE_TERMIO_H 1
| #define HAVE_TERMIOS_H 1
| #define HAVE_CADDR_T 1
| #define SIZEOF_SIZE_T 8
| #define HAVE_LSEEK64_PROTOTYPE 1
| #define HAVE_HTONS 1
| #define TIME_WITH_SYS_TIME 1
| #define RETSIGTYPE void
| #define HAVE_STRERROR 1
| #define HAVE_RANDOM 1
| #define HAVE_SRANDOM 1
| #define HAVE_STRCHR 1
| #define HAVE_STRRCHR 1
| #define HAVE_LOCKF 1
| #define HAVE_FLOCK 1
| #define HAVE_STRCASECMP 1
| #define HAVE_STRNCASECMP 1
| #define HAVE_STRNLEN 1
| #define HAVE_ATEXIT 1
| #define HAVE_ON_EXIT 1
| #define HAVE_GETPASS 1
| #define HAVE_MEMMOVE 1
| #define HAVE_STRDUP 1
| #define HAVE_STRCSPN 1
| #define HAVE_STRSPN 1
| #define HAVE_STRTOUL 1
| #define HAVE_STRTOL 1
| #define HAVE_MEMCPY 1
| #define HAVE_STRPBRK 1
| #define HAVE_MEMSET 1
| #define HAVE_SETENV 1
| #define HAVE_SETEUID 1
| #define HAVE_SETRESUID 1
| #define HAVE_SETPGRP 1
| #define HAVE_TCSETATTR 1
| #define HAVE_TCFLUSH 1
| #define HAVE_BASENAME 1
| #define HAVE_FCHDIR 1
| #define HAVE_LLSEEK 1
| #define HAVE_LSEEK64 1
| #define HAVE_SNPRINTF 1
| #define HAVE_STAT64 1
| #define HAVE_SETLOCALE 1
| #define HAVE_WCSDUP 1
| #define HAVE_WCSCASECMP 1
| #define HAVE_WCSNLEN 1
| #define HAVE_PUTWC 1
| /* end confdefs.h.  */
| /* Define getgroupid to an innocuous variant, in case <limits.h> declares getgroupid.
|    For example, HP-UX 11i <limits.h> declares gettimeofday.  */
| #define getgroupid innocuous_getgroupid
| 
| /* System header to define __stub macros and hopefully few prototypes,
|     which can conflict with char getgroupid (); below.
|     Prefer <limits.h> to <assert.h> if __STDC__ is defined, since
|     <limits.h> exists even on freestanding compilers.  */
| 
| #ifdef __STDC__
| # include <limits.h>
| #else
| # include <assert.h>
| #endif
| 
| #undef getgroupid
| 
| /* Override any GCC internal prototype to avoid an error.
|    Use char because int might match the return type of a GCC
|    builtin and then its argument prototype would still apply.  */
| #ifdef __cplusplus
| extern "C"
| #endif
| char getgroupid ();
| /* The GNU C library defines this for functions which it implements
|     to always fail with ENOSYS.  Some functions are actually named
|     something starting with __ and the normal name is an alias.  */
| #if defined __stub_getgroupid || defined __stub___getgroupid
| choke me
| #endif
| 
| int
| main ()
| {
| return getgroupid ();
|   ;
|   return 0;
| }
configure:4788: result: no
configure:4788: checking for sigaction
configure:4788: gcc -o conftest -g -O2   conftest.c  >&5
configure:4788: $? = 0
configure:4788: result: yes
configure:4807: checking for 64-bit off_t
configure:4828: gcc -c -g -O2  conftest.c >&5
conftest.c: In function 'main':
conftest.c:112:20: error: duplicate case value
 switch (0) case 0: case (sizeof (off_t) <= 4):;
                    ^
conftest.c:112:12: error: previously used here
 switch (0) case 0: case (sizeof (off_t) <= 4):;
            ^
configure:4828: $? = 1
configure: failed program was:
| /* confdefs.h */
| #define PACKAGE_NAME ""
| #define PACKAGE_TARNAME ""
| #define PACKAGE_VERSION ""
| #define PACKAGE_STRING ""
| #define PACKAGE_BUGREPORT ""
| #define PACKAGE_URL ""
| #define STDC_HEADERS 1
| #define HAVE_SYS_TYPES_H 1
| #define HAVE_SYS_STAT_H 1
| #define HAVE_STDLIB_H 1
| #define HAVE_STRING_H 1
| #define HAVE_MEMORY_H 1
| #define HAVE_STRINGS_H 1
| #define HAVE_INTTYPES_H 1
| #define HAVE_STDINT_H 1
| #define HAVE_UNISTD_H 1
| #define __EXTENSIONS__ 1
| #define _ALL_SOURCE 1
| #define _GNU_SOURCE 1
| #define _POSIX_PTHREAD_SEMANTICS 1
| #define _TANDEM_SOURCE 1
| #define USE_XDF 1
| #define USE_RAWTERM 1
| #define STDC_HEADERS 1
| #define HAVE_SYS_WAIT_H 1
| #define HAVE_GETOPT_H 1
| #define HAVE_SYS_STAT_H 1
| #define HAVE_STDLIB_H 1
| #define HAVE_UNISTD_H 1
| #define HAVE_LINUX_UNISTD_H 1
| #define HAVE_FCNTL_H 1
| #define HAVE_LIMITS_H 1
| #define HAVE_SYS_FILE_H 1
| #define HAVE_SYS_IOCTL_H 1
| #define HAVE_SYS_TIME_H 1
| #define HAVE_STRINGS_H 1
| #define HAVE_STRING_H 1
| #define HAVE_SYS_PARAM_H 1
| #define HAVE_MEMORY_H 1
| #define HAVE_MALLOC_H 1
| #define HAVE_SIGNAL_H 1
| #define HAVE_SYS_SIGNAL_H 1
| #define HAVE_UTIME_H 1
| #define HAVE_SGTTY_H 1
| #define HAVE_MNTENT_H 1
| #define HAVE_SYS_SYSMACROS_H 1
| #define HAVE_NETINET_IN_H 1
| #define HAVE_ASSERT_H 1
| #define HAVE_ICONV_H 1
| #define HAVE_WCTYPE_H 1
| #define HAVE_WCHAR_H 1
| #define HAVE_LOCALE_H 1
| #define HAVE_LINUX_FS_H 1
| #define HAVE_TERMIO_H 1
| #define HAVE_TERMIOS_H 1
| #define HAVE_CADDR_T 1
| #define SIZEOF_SIZE_T 8
| #define HAVE_LSEEK64_PROTOTYPE 1
| #define HAVE_HTONS 1
| #define TIME_WITH_SYS_TIME 1
| #define RETSIGTYPE void
| #define HAVE_STRERROR 1
| #define HAVE_RANDOM 1
| #define HAVE_SRANDOM 1
| #define HAVE_STRCHR 1
| #define HAVE_STRRCHR 1
| #define HAVE_LOCKF 1
| #define HAVE_FLOCK 1
| #define HAVE_STRCASECMP 1
| #define HAVE_STRNCASECMP 1
| #define HAVE_STRNLEN 1
| #define HAVE_ATEXIT 1
| #define HAVE_ON_EXIT 1
| #define HAVE_GETPASS 1
| #define HAVE_MEMMOVE 1
| #define HAVE_STRDUP 1
| #define HAVE_STRCSPN 1
| #define HAVE_STRSPN 1
| #define HAVE_STRTOUL 1
| #define HAVE_STRTOL 1
| #define HAVE_MEMCPY 1
| #define HAVE_STRPBRK 1
| #define HAVE_MEMSET 1
| #define HAVE_SETENV 1
| #define HAVE_SETEUID 1
| #define HAVE_SETRESUID 1
| #define HAVE_SETPGRP 1
| #define HAVE_TCSETATTR 1
| #define HAVE_TCFLUSH 1
| #define HAVE_BASENAME 1
| #define HAVE_FCHDIR 1
| #define HAVE_LLSEEK 1
| #define HAVE_LSEEK64 1
| #define HAVE_SNPRINTF 1
| #define HAVE_STAT64 1
| #define HAVE_SETLOCALE 1
| #define HAVE_WCSDUP 1
| #define HAVE_WCSCASECMP 1
| #define HAVE_WCSNLEN 1
| #define HAVE_PUTWC 1
| #define HAVE_SIGACTION 1
| /* end confdefs.h.  */
| 
| #include <unistd.h>
| #include <sys/types.h>
| 
| int
| main ()
| {
| 
| switch (0) case 0: case (sizeof (off_t) <= 4):;
| 
|   ;
|   return 0;
| }
configure:4835: result: yes
configure:4843: checking whether gcc supports loff_t type
configure:4860: gcc -c -g -O2  conftest.c >&5
configure:4860: $? = 0
configure:4869: result: yes
configure:4878: checking whether gcc supports offset_t type
configure:4895: gcc -c -g -O2  conftest.c >&5
conftest.c: In function 'main':
conftest.c:110:1: error: unknown type name 'offset_t'
 offset_t a;
 ^
configure:4895: $? = 1
configure: failed program was:
| /* confdefs.h */
| #define PACKAGE_NAME ""
| #define PACKAGE_TARNAME ""
| #define PACKAGE_VERSION ""
| #define PACKAGE_STRING ""
| #define PACKAGE_BUGREPORT ""
| #define PACKAGE_URL ""
| #define STDC_HEADERS 1
| #define HAVE_SYS_TYPES_H 1
| #define HAVE_SYS_STAT_H 1
| #define HAVE_STDLIB_H 1
| #define HAVE_STRING_H 1
| #define HAVE_MEMORY_H 1
| #define HAVE_STRINGS_H 1
| #define HAVE_INTTYPES_H 1
| #define HAVE_STDINT_H 1
| #define HAVE_UNISTD_H 1
| #define __EXTENSIONS__ 1
| #define _ALL_SOURCE 1
| #define _GNU_SOURCE 1
| #define _POSIX_PTHREAD_SEMANTICS 1
| #define _TANDEM_SOURCE 1
| #define USE_XDF 1
| #define USE_RAWTERM 1
| #define STDC_HEADERS 1
| #define HAVE_SYS_WAIT_H 1
| #define HAVE_GETOPT_H 1
| #define HAVE_SYS_STAT_H 1
| #define HAVE_STDLIB_H 1
| #define HAVE_UNISTD_H 1
| #define HAVE_LINUX_UNISTD_H 1
| #define HAVE_FCNTL_H 1
| #define HAVE_LIMITS_H 1
| #define HAVE_SYS_FILE_H 1
| #define HAVE_SYS_IOCTL_H 1
| #define HAVE_SYS_TIME_H 1
| #define HAVE_STRINGS_H 1
| #define HAVE_STRING_H 1
| #define HAVE_SYS_PARAM_H 1
| #define HAVE_MEMORY_H 1
| #define HAVE_MALLOC_H 1
| #define HAVE_SIGNAL_H 1
| #define HAVE_SYS_SIGNAL_H 1
| #define HAVE_UTIME_H 1
| #define HAVE_SGTTY_H 1
| #define HAVE_MNTENT_H 1
| #define HAVE_SYS_SYSMACROS_H 1
| #define HAVE_NETINET_IN_H 1
| #define HAVE_ASSERT_H 1
| #define HAVE_ICONV_H 1
| #define HAVE_WCTYPE_H 1
| #define HAVE_WCHAR_H 1
| #define HAVE_LOCALE_H 1
| #define HAVE_LINUX_FS_H 1
| #define HAVE_TERMIO_H 1
| #define HAVE_TERMIOS_H 1
| #define HAVE_CADDR_T 1
| #define SIZEOF_SIZE_T 8
| #define HAVE_LSEEK64_PROTOTYPE 1
| #define HAVE_HTONS 1
| #define TIME_WITH_SYS_TIME 1
| #define RETSIGTYPE void
| #define HAVE_STRERROR 1
| #define HAVE_RANDOM 1
| #define HAVE_SRANDOM 1
| #define HAVE_STRCHR 1
| #define HAVE_STRRCHR 1
| #define HAVE_LOCKF 1
| #define HAVE_FLOCK 1
| #define HAVE_STRCASECMP 1
| #define HAVE_STRNCASECMP 1
| #define HAVE_STRNLEN 1
| #define HAVE_ATEXIT 1
| #define HAVE_ON_EXIT 1
| #define HAVE_GETPASS 1
| #define HAVE_MEMMOVE 1
| #define HAVE_STRDUP 1
| #define HAVE_STRCSPN 1
| #define HAVE_STRSPN 1
| #define HAVE_STRTOUL 1
| #define HAVE_STRTOL 1
| #define HAVE_MEMCPY 1
| #define HAVE_STRPBRK 1
| #define HAVE_MEMSET 1
| #define HAVE_SETENV 1
| #define HAVE_SETEUID 1
| #define HAVE_SETRESUID 1
| #define HAVE_SETPGRP 1
| #define HAVE_TCSETATTR 1
| #define HAVE_TCFLUSH 1
| #define HAVE_BASENAME 1
| #define HAVE_FCHDIR 1
| #define HAVE_LLSEEK 1
| #define HAVE_LSEEK64 1
| #define HAVE_SNPRINTF 1
| #define HAVE_STAT64 1
| #define HAVE_SETLOCALE 1
| #define HAVE_WCSDUP 1
| #define HAVE_WCSCASECMP 1
| #define HAVE_WCSNLEN 1
| #define HAVE_PUTWC 1
| #define HAVE_SIGACTION 1
| #define HAVE_OFF_T_64 1
| #define HAVE_LOFF_T 1
| /* end confdefs.h.  */
| #include <sys/types.h>
| int
| main ()
| {
| offset_t a;
|   ;
|   return 0;
| }
configure:4904: result: no
configure:4913: checking whether gcc supports long long type
configure:4930: gcc -c -g -O2  conftest.c >&5
configure:4930: $? = 0
configure:4939: result: yes
configure:4952: checking for utimes
configure:4952: gcc -o conftest -g -O2   conftest.c  >&5
configure:4952: $? = 0
configure:4952: result: yes
configure:4964: checking for tzset
configure:4964: gcc -o conftest -g -O2   conftest.c  >&5
configure:4964: $? = 0
configure:4964: result: yes
configure:4964: checking for gettimeofday
configure:4964: gcc -o conftest -g -O2   conftest.c  >&5
configure:4964: $? = 0
configure:4964: result: yes
configure:4975: checking declaration of sys_errlist
configure:4995: gcc -c -g -O2  conftest.c >&5
configure:4995: $? = 0
configure:5003: result: yes
configure:5090: checking for X
configure:5198: gcc -E  conftest.c
configure:5198: $? = 0
configure:5229: gcc -o conftest -g -O2 -Wall   conftest.c -lX11  >&5
configure:5229: $? = 0
configure:5279: result: libraries , headers 
configure:5378: gcc -o conftest -g -O2 -Wall   conftest.c   -lX11 >&5
configure:5378: $? = 0
configure:5476: checking for gethostbyname
configure:5476: gcc -o conftest -g -O2 -Wall   conftest.c  >&5
configure:5476: $? = 0
configure:5476: result: yes
configure:5573: checking for connect
configure:5573: gcc -o conftest -g -O2 -Wall   conftest.c  >&5
configure:5573: $? = 0
configure:5573: result: yes
configure:5622: checking for remove
configure:5622: gcc -o conftest -g -O2 -Wall   conftest.c  >&5
configure:5622: $? = 0
configure:5622: result: yes
configure:5671: checking for shmat
configure:5671: gcc -o conftest -g -O2 -Wall   conftest.c  >&5
configure:5671: $? = 0
configure:5671: result: yes
configure:5729: checking for IceConnectionNumber in -lICE
configure:5754: gcc -o conftest -g -O2 -Wall   conftest.c -lICE   >&5
configure:5754: $? = 0
configure:5763: result: yes
configure:5782: checking for main in -lsocket
configure:5801: gcc -o conftest -g -O2 -Wall   conftest.c -lsocket   >&5
/usr/bin/ld: cannot find -lsocket
collect2: error: ld returned 1 exit status
configure:5801: $? = 1
configure: failed program was:
| /* confdefs.h */
| #define PACKAGE_NAME ""
| #define PACKAGE_TARNAME ""
| #define PACKAGE_VERSION ""
| #define PACKAGE_STRING ""
| #define PACKAGE_BUGREPORT ""
| #define PACKAGE_URL ""
| #define STDC_HEADERS 1
| #define HAVE_SYS_TYPES_H 1
| #define HAVE_SYS_STAT_H 1
| #define HAVE_STDLIB_H 1
| #define HAVE_STRING_H 1
| #define HAVE_MEMORY_H 1
| #define HAVE_STRINGS_H 1
| #define HAVE_INTTYPES_H 1
| #define HAVE_STDINT_H 1
| #define HAVE_UNISTD_H 1
| #define __EXTENSIONS__ 1
| #define _ALL_SOURCE 1
| #define _GNU_SOURCE 1
| #define _POSIX_PTHREAD_SEMANTICS 1
| #define _TANDEM_SOURCE 1
| #define USE_XDF 1
| #define USE_RAWTERM 1
| #define STDC_HEADERS 1
| #define HAVE_SYS_WAIT_H 1
| #define HAVE_GETOPT_H 1
| #define HAVE_SYS_STAT_H 1
| #define HAVE_STDLIB_H 1
| #define HAVE_UNISTD_H 1
| #define HAVE_LINUX_UNISTD_H 1
| #define HAVE_FCNTL_H 1
| #define HAVE_LIMITS_H 1
| #define HAVE_SYS_FILE_H 1
| #define HAVE_SYS_IOCTL_H 1
| #define HAVE_SYS_TIME_H 1
| #define HAVE_STRINGS_H 1
| #define HAVE_STRING_H 1
| #define HAVE_SYS_PARAM_H 1
| #define HAVE_MEMORY_H 1
| #define HAVE_MALLOC_H 1
| #define HAVE_SIGNAL_H 1
| #define HAVE_SYS_SIGNAL_H 1
| #define HAVE_UTIME_H 1
| #define HAVE_SGTTY_H 1
| #define HAVE_MNTENT_H 1
| #define HAVE_SYS_SYSMACROS_H 1
| #define HAVE_NETINET_IN_H 1
| #define HAVE_ASSERT_H 1
| #define HAVE_ICONV_H 1
| #define HAVE_WCTYPE_H 1
| #define HAVE_WCHAR_H 1
| #define HAVE_LOCALE_H 1
| #define HAVE_LINUX_FS_H 1
| #define HAVE_TERMIO_H 1
| #define HAVE_TERMIOS_H 1
| #define HAVE_CADDR_T 1
| #define SIZEOF_SIZE_T 8
| #define HAVE_LSEEK64_PROTOTYPE 1
| #define HAVE_HTONS 1
| #define TIME_WITH_SYS_TIME 1
| #define RETSIGTYPE void
| #define HAVE_STRERROR 1
| #define HAVE_RANDOM 1
| #define HAVE_SRANDOM 1
| #define HAVE_STRCHR 1
| #define HAVE_STRRCHR 1
| #define HAVE_LOCKF 1
| #define HAVE_FLOCK 1
| #define HAVE_STRCASECMP 1
| #define HAVE_STRNCASECMP 1
| #define HAVE_STRNLEN 1
| #define HAVE_ATEXIT 1
| #define HAVE_ON_EXIT 1
| #define HAVE_GETPASS 1
| #define HAVE_MEMMOVE 1
| #define HAVE_STRDUP 1
| #define HAVE_STRCSPN 1
| #define HAVE_STRSPN 1
| #define HAVE_STRTOUL 1
| #define HAVE_STRTOL 1
| #define HAVE_MEMCPY 1
| #define HAVE_STRPBRK 1
| #define HAVE_MEMSET 1
| #define HAVE_SETENV 1
| #define HAVE_SETEUID 1
| #define HAVE_SETRESUID 1
| #define HAVE_SETPGRP 1
| #define HAVE_TCSETATTR 1
| #define HAVE_TCFLUSH 1
| #define HAVE_BASENAME 1
| #define HAVE_FCHDIR 1
| #define HAVE_LLSEEK 1
| #define HAVE_LSEEK64 1
| #define HAVE_SNPRINTF 1
| #define HAVE_STAT64 1
| #define HAVE_SETLOCALE 1
| #define HAVE_WCSDUP 1
| #define HAVE_WCSCASECMP 1
| #define HAVE_WCSNLEN 1
| #define HAVE_PUTWC 1
| #define HAVE_SIGACTION 1
| #define HAVE_OFF_T_64 1
| #define HAVE_LOFF_T 1
| #define HAVE_LONG_LONG 1
| #define HAVE_UTIMES 1
| #define HAVE_TZSET 1
| #define HAVE_GETTIMEOFDAY 1
| #define DECL_SYS_ERRLIST 1
| /* end confdefs.h.  */
| 
| 
| int
| main ()
| {
| return main ();
|   ;
|   return 0;
| }
configure:5810: result: no
configure:5821: checking for main in -lbsd
configure:5840: gcc -o conftest -g -O2 -Wall   conftest.c -lbsd   >&5
configure:5840: $? = 0
configure:5849: result: yes
configure:5863: checking sys/socket.h usability
configure:5863: gcc -c -g -O2 -Wall  conftest.c >&5
configure:5863: $? = 0
configure:5863: result: yes
configure:5863: checking sys/socket.h presence
configure:5863: gcc -E  conftest.c
configure:5863: $? = 0
configure:5863: result: yes
configure:5863: checking for sys/socket.h
configure:5863: result: yes
configure:5863: checking arpa/inet.h usability
configure:5863: gcc -c -g -O2 -Wall  conftest.c >&5
configure:5863: $? = 0
configure:5863: result: yes
configure:5863: checking arpa/inet.h presence
configure:5863: gcc -E  conftest.c
configure:5863: $? = 0
configure:5863: result: yes
configure:5863: checking for arpa/inet.h
configure:5863: result: yes
configure:5863: checking netdb.h usability
configure:5863: gcc -c -g -O2 -Wall  conftest.c >&5
configure:5863: $? = 0
configure:5863: result: yes
configure:5863: checking netdb.h presence
configure:5863: gcc -E  conftest.c
configure:5863: $? = 0
configure:5863: result: yes
configure:5863: checking for netdb.h
configure:5863: result: yes
configure:5889: checking whether setpgrp takes no argument
configure:5911: gcc -o conftest -g -O2 -Wall   conftest.c -lbsd  >&5
conftest.c: In function 'main':
conftest.c:155:10: error: too many arguments to function 'setpgrp'
   return setpgrp (1,1) != -1;
          ^
In file included from conftest.c:147:0:
/usr/include/unistd.h:660:12: note: declared here
 extern int setpgrp (void) __THROW;
            ^
configure:5911: $? = 1
configure: program exited with status 1
configure: failed program was:
| /* confdefs.h */
| #define PACKAGE_NAME ""
| #define PACKAGE_TARNAME ""
| #define PACKAGE_VERSION ""
| #define PACKAGE_STRING ""
| #define PACKAGE_BUGREPORT ""
| #define PACKAGE_URL ""
| #define STDC_HEADERS 1
| #define HAVE_SYS_TYPES_H 1
| #define HAVE_SYS_STAT_H 1
| #define HAVE_STDLIB_H 1
| #define HAVE_STRING_H 1
| #define HAVE_MEMORY_H 1
| #define HAVE_STRINGS_H 1
| #define HAVE_INTTYPES_H 1
| #define HAVE_STDINT_H 1
| #define HAVE_UNISTD_H 1
| #define __EXTENSIONS__ 1
| #define _ALL_SOURCE 1
| #define _GNU_SOURCE 1
| #define _POSIX_PTHREAD_SEMANTICS 1
| #define _TANDEM_SOURCE 1
| #define USE_XDF 1
| #define USE_RAWTERM 1
| #define STDC_HEADERS 1
| #define HAVE_SYS_WAIT_H 1
| #define HAVE_GETOPT_H 1
| #define HAVE_SYS_STAT_H 1
| #define HAVE_STDLIB_H 1
| #define HAVE_UNISTD_H 1
| #define HAVE_LINUX_UNISTD_H 1
| #define HAVE_FCNTL_H 1
| #define HAVE_LIMITS_H 1
| #define HAVE_SYS_FILE_H 1
| #define HAVE_SYS_IOCTL_H 1
| #define HAVE_SYS_TIME_H 1
| #define HAVE_STRINGS_H 1
| #define HAVE_STRING_H 1
| #define HAVE_SYS_PARAM_H 1
| #define HAVE_MEMORY_H 1
| #define HAVE_MALLOC_H 1
| #define HAVE_SIGNAL_H 1
| #define HAVE_SYS_SIGNAL_H 1
| #define HAVE_UTIME_H 1
| #define HAVE_SGTTY_H 1
| #define HAVE_MNTENT_H 1
| #define HAVE_SYS_SYSMACROS_H 1
| #define HAVE_NETINET_IN_H 1
| #define HAVE_ASSERT_H 1
| #define HAVE_ICONV_H 1
| #define HAVE_WCTYPE_H 1
| #define HAVE_WCHAR_H 1
| #define HAVE_LOCALE_H 1
| #define HAVE_LINUX_FS_H 1
| #define HAVE_TERMIO_H 1
| #define HAVE_TERMIOS_H 1
| #define HAVE_CADDR_T 1
| #define SIZEOF_SIZE_T 8
| #define HAVE_LSEEK64_PROTOTYPE 1
| #define HAVE_HTONS 1
| #define TIME_WITH_SYS_TIME 1
| #define RETSIGTYPE void
| #define HAVE_STRERROR 1
| #define HAVE_RANDOM 1
| #define HAVE_SRANDOM 1
| #define HAVE_STRCHR 1
| #define HAVE_STRRCHR 1
| #define HAVE_LOCKF 1
| #define HAVE_FLOCK 1
| #define HAVE_STRCASECMP 1
| #define HAVE_STRNCASECMP 1
| #define HAVE_STRNLEN 1
| #define HAVE_ATEXIT 1
| #define HAVE_ON_EXIT 1
| #define HAVE_GETPASS 1
| #define HAVE_MEMMOVE 1
| #define HAVE_STRDUP 1
| #define HAVE_STRCSPN 1
| #define HAVE_STRSPN 1
| #define HAVE_STRTOUL 1
| #define HAVE_STRTOL 1
| #define HAVE_MEMCPY 1
| #define HAVE_STRPBRK 1
| #define HAVE_MEMSET 1
| #define HAVE_SETENV 1
| #define HAVE_SETEUID 1
| #define HAVE_SETRESUID 1
| #define HAVE_SETPGRP 1
| #define HAVE_TCSETATTR 1
| #define HAVE_TCFLUSH 1
| #define HAVE_BASENAME 1
| #define HAVE_FCHDIR 1
| #define HAVE_LLSEEK 1
| #define HAVE_LSEEK64 1
| #define HAVE_SNPRINTF 1
| #define HAVE_STAT64 1
| #define HAVE_SETLOCALE 1
| #define HAVE_WCSDUP 1
| #define HAVE_WCSCASECMP 1
| #define HAVE_WCSNLEN 1
| #define HAVE_PUTWC 1
| #define HAVE_SIGACTION 1
| #define HAVE_OFF_T_64 1
| #define HAVE_LOFF_T 1
| #define HAVE_LONG_LONG 1
| #define HAVE_UTIMES 1
| #define HAVE_TZSET 1
| #define HAVE_GETTIMEOFDAY 1
| #define DECL_SYS_ERRLIST 1
| #define HAVE_LIBBSD 1
| #define HAVE_SYS_SOCKET_H 1
| #define HAVE_ARPA_INET_H 1
| #define HAVE_NETDB_H 1
| #define USE_FLOPPYD 1
| /* end confdefs.h.  */
| #include <stdio.h>
| #ifdef HAVE_SYS_TYPES_H
| # include <sys/types.h>
| #endif
| #ifdef HAVE_SYS_STAT_H
| # include <sys/stat.h>
| #endif
| #ifdef STDC_HEADERS
| # include <stdlib.h>
| # include <stddef.h>
| #else
| # ifdef HAVE_STDLIB_H
| #  include <stdlib.h>
| # endif
| #endif
| #ifdef HAVE_STRING_H
| # if !defined STDC_HEADERS && defined HAVE_MEMORY_H
| #  include <memory.h>
| # endif
| # include <string.h>
| #endif
| #ifdef HAVE_STRINGS_H
| # include <strings.h>
| #endif
| #ifdef HAVE_INTTYPES_H
| # include <inttypes.h>
| #endif
| #ifdef HAVE_STDINT_H
| # include <stdint.h>
| #endif
| #ifdef HAVE_UNISTD_H
| # include <unistd.h>
| #endif
| int
| main ()
| {
| /* If this system has a BSD-style setpgrp which takes arguments,
|   setpgrp(1, 1) will fail with ESRCH and return -1, in that case
|   exit successfully. */
|   return setpgrp (1,1) != -1;
|   ;
|   return 0;
| }
configure:5921: result: yes
configure:6059: creating ./config.status

## ---------------------- ##
## Running config.status. ##
## ---------------------- ##

This file was extended by config.status, which was
generated by GNU Autoconf 2.68.  Invocation command line was

  CONFIG_FILES    = 
  CONFIG_HEADERS  = 
  CONFIG_LINKS    = 
  CONFIG_COMMANDS = 
  $ ./config.status 

on Lydia

config.status:: creating Makefile
config.status:: creating config.h

## ---------------- ##
## Cache variables. ##
## ---------------- ##

ac_cv_build=x86_64-unknown-linux-gnu
ac_cv_c_compiler_gnu=yes
ac_cv_c_const=yes
ac_cv_c_inline=inline
ac_cv_env_CC_set=
ac_cv_env_CC_value=
ac_cv_env_CFLAGS_set=
ac_cv_env_CFLAGS_value=
ac_cv_env_CPPFLAGS_set=
ac_cv_env_CPPFLAGS_value=
ac_cv_env_CPP_set=
ac_cv_env_CPP_value=
ac_cv_env_LDFLAGS_set=
ac_cv_env_LDFLAGS_value=
ac_cv_env_LIBS_set=
ac_cv_env_LIBS_value=
ac_cv_env_XMKMF_set=
ac_cv_env_XMKMF_value=
ac_cv_env_build_alias_set=
ac_cv_env_build_alias_value=
ac_cv_env_host_alias_set=
ac_cv_env_host_alias_value=
ac_cv_env_target_alias_set=
ac_cv_env_target_alias_value=
ac_cv_func_atexit=yes
ac_cv_func_basename=yes
ac_cv_func_connect=yes
ac_cv_func_fchdir=yes
ac_cv_func_flock=yes
ac_cv_func_getgroupid=no
ac_cv_func_gethostbyname=yes
ac_cv_func_getpass=yes
ac_cv_func_gettimeofday=yes
ac_cv_func_getuserid=no
ac_cv_func_htons=yes
ac_cv_func_llseek=yes
ac_cv_func_lockf=yes
ac_cv_func_lseek64=yes
ac_cv_func_media_oldaliases=no
ac_cv_func_memcpy=yes
ac_cv_func_memmove=yes
ac_cv_func_memset=yes
ac_cv_func_on_exit=yes
ac_cv_func_putwc=yes
ac_cv_func_random=yes
ac_cv_func_remove=yes
ac_cv_func_setenv=yes
ac_cv_func_seteuid=yes
ac_cv_func_setlocale=yes
ac_cv_func_setpgrp=yes
ac_cv_func_setpgrp_void=yes
ac_cv_func_setresuid=yes
ac_cv_func_shmat=yes
ac_cv_func_sigaction=yes
ac_cv_func_snprintf=yes
ac_cv_func_srandom=yes
ac_cv_func_stat=yes
ac_cv_func_strcasecmp=yes
ac_cv_func_strchr=yes
ac_cv_func_strcspn=yes
ac_cv_func_strdup=yes
ac_cv_func_strerror=yes
ac_cv_func_strncasecmp=yes
ac_cv_func_strnlen=yes
ac_cv_func_strpbrk=yes
ac_cv_func_strrchr=yes
ac_cv_func_strspn=yes
ac_cv_func_strtol=yes
ac_cv_func_strtoul=yes
ac_cv_func_tcflush=yes
ac_cv_func_tcsetattr=yes
ac_cv_func_tzset=yes
ac_cv_func_utimes=yes
ac_cv_func_wcscasecmp=yes
ac_cv_func_wcsdup=yes
ac_cv_func_wcsnlen=yes
ac_cv_have_x='have_x=yes	ac_x_includes='\'''\''	ac_x_libraries='\'''\'''
ac_cv_header_arpa_inet_h=yes
ac_cv_header_assert_h=yes
ac_cv_header_fcntl_h=yes
ac_cv_header_getopt_h=yes
ac_cv_header_iconv_h=yes
ac_cv_header_inttypes_h=yes
ac_cv_header_libc_h=no
ac_cv_header_limits_h=yes
ac_cv_header_linux_fs_h=yes
ac_cv_header_linux_unistd_h=yes
ac_cv_header_locale_h=yes
ac_cv_header_malloc_h=yes
ac_cv_header_memory_h=yes
ac_cv_header_minix_config_h=no
ac_cv_header_mntent_h=yes
ac_cv_header_netdb_h=yes
ac_cv_header_netinet_in_h=yes
ac_cv_header_sgtty_h=yes
ac_cv_header_signal_h=yes
ac_cv_header_stdc=yes
ac_cv_header_stdint_h=yes
ac_cv_header_stdlib_h=yes
ac_cv_header_string_h=yes
ac_cv_header_strings_h=yes
ac_cv_header_sys_file_h=yes
ac_cv_header_sys_floppy_h=no
ac_cv_header_sys_ioctl_h=yes
ac_cv_header_sys_param_h=yes
ac_cv_header_sys_signal_h=yes
ac_cv_header_sys_socket_h=yes
ac_cv_header_sys_stat_h=yes
ac_cv_header_sys_sysmacros_h=yes
ac_cv_header_sys_time_h=yes
ac_cv_header_sys_types_h=yes
ac_cv_header_sys_wait_h=yes
ac_cv_header_termio_h=yes
ac_cv_header_termios_h=yes
ac_cv_header_time=yes
ac_cv_header_unistd_h=yes
ac_cv_header_utime_h=yes
ac_cv_header_wchar_h=yes
ac_cv_header_wctype_h=yes
ac_cv_host=x86_64-unknown-linux-gnu
ac_cv_lib_ICE_IceConnectionNumber=yes
ac_cv_lib_bsd_main=yes
ac_cv_lib_cam_cam_open_device=no
ac_cv_lib_socket_main=no
ac_cv_lib_sun_getpwnam=no
ac_cv_objext=o
ac_cv_path_EGREP='/bin/grep -E'
ac_cv_path_GREP=/bin/grep
ac_cv_path_INSTALL_INFO=/usr/bin/install-info
ac_cv_path_install='/usr/bin/install -c'
ac_cv_prog_CPP='gcc -E'
ac_cv_prog_ac_ct_CC=gcc
ac_cv_prog_cc_c89=
ac_cv_prog_cc_g=yes
ac_cv_prog_gcc_traditional=no
ac_cv_safe_to_define___extensions__=yes
ac_cv_sizeof_size_t=8
ac_cv_struct_tm=time.h
ac_cv_target=x86_64-unknown-linux-gnu
ac_cv_type_caddr_t=yes
ac_cv_type_signal=void
ac_cv_type_size_t=yes
cf_cv_dcl_sys_errlist=yes
ice_cv_have_loff_t=yes
ice_cv_have_long_long=yes
ice_cv_have_offset_t=no
mtools_cv_have_llseek_prototype=no
mtools_cv_have_lseek64_prototype=yes
sfs_cv_off_t_64=yes

## ----------------- ##
## Output variables. ##
## ----------------- ##

BINFLOPPYD='$(DESTDIR)$(bindir)/floppyd $(DESTDIR)$(bindir)/floppyd_installtest'
CC='gcc'
CFLAGS='-g -O2 -Wall'
CPP='gcc -E'
CPPFLAGS=''
DEFS='-DHAVE_CONFIG_H'
ECHO_C=''
ECHO_N='-n'
ECHO_T=''
EGREP='/bin/grep -E'
EXEEXT=''
FLOPPYD='floppyd floppyd_installtest'
GREP='/bin/grep'
HOST_ID='-DCPU_x86_64 -DVENDOR_unknown -DOS_linux_gnu'
INSTALL_DATA='${INSTALL} -m 644'
INSTALL_INFO='/usr/bin/install-info'
INSTALL_PROGRAM='${INSTALL}'
INSTALL_SCRIPT='${INSTALL}'
LDFLAGS=''
LIBOBJS=''
LIBS='-lbsd '
LN_S='ln -s'
LTLIBOBJS=''
MACHDEPLIBS=''
OBJEXT='o'
PACKAGE_BUGREPORT=''
PACKAGE_NAME=''
PACKAGE_STRING=''
PACKAGE_TARNAME=''
PACKAGE_URL=''
PACKAGE_VERSION=''
PATH_SEPARATOR=':'
SHELL='/bin/sh'
SHLIB=''
XMKMF=''
X_CFLAGS=''
X_EXTRA_LIBS=''
X_LIBS=''
X_PRE_LIBS=' -lSM -lICE'
ac_ct_CC='gcc'
bindir='${exec_prefix}/bin'
build='x86_64-unknown-linux-gnu'
build_alias=''
build_cpu='x86_64'
build_os='linux-gnu'
build_vendor='unknown'
datadir='${datarootdir}'
datarootdir='${prefix}/share'
docdir='${datarootdir}/doc/${PACKAGE}'
dvidir='${docdir}'
exec_prefix='${prefix}'
extraincludedir=''
extralibdir=''
host='x86_64-unknown-linux-gnu'
host_alias=''
host_cpu='x86_64'
host_os='linux-gnu'
host_vendor='unknown'
htmldir='${docdir}'
includedir='${prefix}/include'
infodir='${datarootdir}/info'
libdir='${exec_prefix}/lib'
libexecdir='${exec_prefix}/libexec'
localedir='${datarootdir}/locale'
localstatedir='${prefix}/var'
mandir='${datarootdir}/man'
oldincludedir='/usr/include'
pdfdir='${docdir}'
prefix='/usr/local'
program_transform_name='s,x,x,'
psdir='${docdir}'
sbindir='${exec_prefix}/sbin'
sharedstatedir='${prefix}/com'
sysconfdir='${prefix}/etc'
target='x86_64-unknown-linux-gnu'
target_alias=''
target_cpu='x86_64'
target_os='linux-gnu'
target_vendor='unknown'

## ----------- ##
## confdefs.h. ##
## ----------- ##

/* confdefs.h */
#define PACKAGE_NAME ""
#define PACKAGE_TARNAME ""
#define PACKAGE_VERSION ""
#define PACKAGE_STRING ""
#define PACKAGE_BUGREPORT ""
#define PACKAGE_URL ""
#define STDC_HEADERS 1
#define HAVE_SYS_TYPES_H 1
#define HAVE_SYS_STAT_H 1
#define HAVE_STDLIB_H 1
#define HAVE_STRING_H 1
#define HAVE_MEMORY_H 1
#define HAVE_STRINGS_H 1
#define HAVE_INTTYPES_H 1
#define HAVE_STDINT_H 1
#define HAVE_UNISTD_H 1
#define __EXTENSIONS__ 1
#define _ALL_SOURCE 1
#define _GNU_SOURCE 1
#define _POSIX_PTHREAD_SEMANTICS 1
#define _TANDEM_SOURCE 1
#define USE_XDF 1
#define USE_RAWTERM 1
#define STDC_HEADERS 1
#define HAVE_SYS_WAIT_H 1
#define HAVE_GETOPT_H 1
#define HAVE_SYS_STAT_H 1
#define HAVE_STDLIB_H 1
#define HAVE_UNISTD_H 1
#define HAVE_LINUX_UNISTD_H 1
#define HAVE_FCNTL_H 1
#define HAVE_LIMITS_H 1
#define HAVE_SYS_FILE_H 1
#define HAVE_SYS_IOCTL_H 1
#define HAVE_SYS_TIME_H 1
#define HAVE_STRINGS_H 1
#define HAVE_STRING_H 1
#define HAVE_SYS_PARAM_H 1
#define HAVE_MEMORY_H 1
#define HAVE_MALLOC_H 1
#define HAVE_SIGNAL_H 1
#define HAVE_SYS_SIGNAL_H 1
#define HAVE_UTIME_H 1
#define HAVE_SGTTY_H 1
#define HAVE_MNTENT_H 1
#define HAVE_SYS_SYSMACROS_H 1
#define HAVE_NETINET_IN_H 1
#define HAVE_ASSERT_H 1
#define HAVE_ICONV_H 1
#define HAVE_WCTYPE_H 1
#define HAVE_WCHAR_H 1
#define HAVE_LOCALE_H 1
#define HAVE_LINUX_FS_H 1
#define HAVE_TERMIO_H 1
#define HAVE_TERMIOS_H 1
#define HAVE_CADDR_T 1
#define SIZEOF_SIZE_T 8
#define HAVE_LSEEK64_PROTOTYPE 1
#define HAVE_HTONS 1
#define TIME_WITH_SYS_TIME 1
#define RETSIGTYPE void
#define HAVE_STRERROR 1
#define HAVE_RANDOM 1
#define HAVE_SRANDOM 1
#define HAVE_STRCHR 1
#define HAVE_STRRCHR 1
#define HAVE_LOCKF 1
#define HAVE_FLOCK 1
#define HAVE_STRCASECMP 1
#define HAVE_STRNCASECMP 1
#define HAVE_STRNLEN 1
#define HAVE_ATEXIT 1
#define HAVE_ON_EXIT 1
#define HAVE_GETPASS 1
#define HAVE_MEMMOVE 1
#define HAVE_STRDUP 1
#define HAVE_STRCSPN 1
#define HAVE_STRSPN 1
#define HAVE_STRTOUL 1
#define HAVE_STRTOL 1
#define HAVE_MEMCPY 1
#define HAVE_STRPBRK 1
#define HAVE_MEMSET 1
#define HAVE_SETENV 1
#define HAVE_SETEUID 1
#define HAVE_SETRESUID 1
#define HAVE_SETPGRP 1
#define HAVE_TCSETATTR 1
#define HAVE_TCFLUSH 1
#define HAVE_BASENAME 1
#define HAVE_FCHDIR 1
#define HAVE_LLSEEK 1
#define HAVE_LSEEK64 1
#define HAVE_SNPRINTF 1
#define HAVE_STAT64 1
#define HAVE_SETLOCALE 1
#define HAVE_WCSDUP 1
#define HAVE_WCSCASECMP 1
#define HAVE_WCSNLEN 1
#define HAVE_PUTWC 1
#define HAVE_SIGACTION 1
#define HAVE_OFF_T_64 1
#define HAVE_LOFF_T 1
#define HAVE_LONG_LONG 1
#define HAVE_UTIMES 1
#define HAVE_TZSET 1
#define HAVE_GETTIMEOFDAY 1
#define DECL_SYS_ERRLIST 1
#define HAVE_LIBBSD 1
#define HAVE_SYS_SOCKET_H 1
#define HAVE_ARPA_INET_H 1
#define HAVE_NETDB_H 1
#define USE_FLOPPYD 1
#define SETPGRP_VOID 1

configure: exit 0
